Express server listening on port 3011.
mongodb://sa:caixiang123@127.0.0.1:27017/foreworld
Error: ENOENT, no such file or directory '/root/my/github/nana/asset/views/pagelet/IndexHeader.html'
    at Object.fs.openSync (fs.js:439:18)
    at Object.fs.readFileSync (fs.js:290:15)
    at Velocity.module.exports.parse (/root/my/github/nana/grunt-blog/build/lib/macro.js:6:137)
    at Velocity.utils.mixin.getMacro (/root/my/github/nana/grunt-blog/build/node_modules/velocityjs/src/compile/blocks.js:63:23)
    at Velocity.<anonymous> (/root/my/github/nana/grunt-blog/build/node_modules/velocityjs/src/compile/compile.js:98:25)
    at Array.forEach (native)
    at Object.utils.(anonymous function) [as forEach] (/root/my/github/nana/grunt-blog/build/node_modules/velocityjs/src/utils.js:14:25)
    at Velocity.utils.mixin._render (/root/my/github/nana/grunt-blog/build/node_modules/velocityjs/src/compile/compile.js:82:13)
    at Velocity.utils.mixin.render (/root/my/github/nana/grunt-blog/build/node_modules/velocityjs/src/compile/compile.js:48:22)
    at Object.Velocity.render (/root/my/github/nana/grunt-blog/build/node_modules/velocityjs/src/velocity.js:33:18)
[90mGET / [31m500 [90m157ms[0m
Error: ENOENT, no such file or directory '/root/my/github/nana/asset/views/pagelet/IndexHeader.html'
    at Object.fs.openSync (fs.js:439:18)
    at Object.fs.readFileSync (fs.js:290:15)
    at Velocity.module.exports.parse (/root/my/github/nana/grunt-blog/build/lib/macro.js:6:137)
    at Velocity.utils.mixin.getMacro (/root/my/github/nana/grunt-blog/build/node_modules/velocityjs/src/compile/blocks.js:63:23)
    at Velocity.<anonymous> (/root/my/github/nana/grunt-blog/build/node_modules/velocityjs/src/compile/compile.js:98:25)
    at Array.forEach (native)
    at Object.utils.(anonymous function) [as forEach] (/root/my/github/nana/grunt-blog/build/node_modules/velocityjs/src/utils.js:14:25)
    at Velocity.utils.mixin._render (/root/my/github/nana/grunt-blog/build/node_modules/velocityjs/src/compile/compile.js:82:13)
    at Velocity.utils.mixin.render (/root/my/github/nana/grunt-blog/build/node_modules/velocityjs/src/compile/compile.js:48:22)
    at Object.Velocity.render (/root/my/github/nana/grunt-blog/build/node_modules/velocityjs/src/velocity.js:33:18)
[90mGET / [31m500 [90m26ms[0m
Error: ENOENT, no such file or directory '/root/my/github/nana/asset/views/pagelet/IndexHeader.html'
    at Object.fs.openSync (fs.js:439:18)
    at Object.fs.readFileSync (fs.js:290:15)
    at Velocity.module.exports.parse (/root/my/github/nana/grunt-blog/build/lib/macro.js:6:137)
    at Velocity.utils.mixin.getMacro (/root/my/github/nana/grunt-blog/build/node_modules/velocityjs/src/compile/blocks.js:63:23)
    at Velocity.<anonymous> (/root/my/github/nana/grunt-blog/build/node_modules/velocityjs/src/compile/compile.js:98:25)
    at Array.forEach (native)
    at Object.utils.(anonymous function) [as forEach] (/root/my/github/nana/grunt-blog/build/node_modules/velocityjs/src/utils.js:14:25)
    at Velocity.utils.mixin._render (/root/my/github/nana/grunt-blog/build/node_modules/velocityjs/src/compile/compile.js:82:13)
    at Velocity.utils.mixin.render (/root/my/github/nana/grunt-blog/build/node_modules/velocityjs/src/compile/compile.js:48:22)
    at Object.Velocity.render (/root/my/github/nana/grunt-blog/build/node_modules/velocityjs/src/velocity.js:33:18)
[90mGET / [31m500 [90m32ms[0m
Error: ENOENT, no such file or directory '/root/my/github/nana/asset/views/pagelet/IndexHeader.html'
    at Object.fs.openSync (fs.js:439:18)
    at Object.fs.readFileSync (fs.js:290:15)
    at Velocity.module.exports.parse (/root/my/github/nana/grunt-blog/build/lib/macro.js:6:137)
    at Velocity.utils.mixin.getMacro (/root/my/github/nana/grunt-blog/build/node_modules/velocityjs/src/compile/blocks.js:63:23)
    at Velocity.<anonymous> (/root/my/github/nana/grunt-blog/build/node_modules/velocityjs/src/compile/compile.js:98:25)
    at Array.forEach (native)
    at Object.utils.(anonymous function) [as forEach] (/root/my/github/nana/grunt-blog/build/node_modules/velocityjs/src/utils.js:14:25)
    at Velocity.utils.mixin._render (/root/my/github/nana/grunt-blog/build/node_modules/velocityjs/src/compile/compile.js:82:13)
    at Velocity.utils.mixin.render (/root/my/github/nana/grunt-blog/build/node_modules/velocityjs/src/compile/compile.js:48:22)
    at Object.Velocity.render (/root/my/github/nana/grunt-blog/build/node_modules/velocityjs/src/velocity.js:33:18)
[90mGET / [31m500 [90m26ms[0m
Error: ENOENT, no such file or directory '/root/my/github/nana/asset/views/pagelet/IndexHeader.html'
    at Object.fs.openSync (fs.js:439:18)
    at Object.fs.readFileSync (fs.js:290:15)
    at Velocity.module.exports.parse (/root/my/github/nana/grunt-blog/build/lib/macro.js:6:137)
    at Velocity.utils.mixin.getMacro (/root/my/github/nana/grunt-blog/build/node_modules/velocityjs/src/compile/blocks.js:63:23)
    at Velocity.<anonymous> (/root/my/github/nana/grunt-blog/build/node_modules/velocityjs/src/compile/compile.js:98:25)
    at Array.forEach (native)
    at Object.utils.(anonymous function) [as forEach] (/root/my/github/nana/grunt-blog/build/node_modules/velocityjs/src/utils.js:14:25)
    at Velocity.utils.mixin._render (/root/my/github/nana/grunt-blog/build/node_modules/velocityjs/src/compile/compile.js:82:13)
    at Velocity.utils.mixin.render (/root/my/github/nana/grunt-blog/build/node_modules/velocityjs/src/compile/compile.js:48:22)
    at Object.Velocity.render (/root/my/github/nana/grunt-blog/build/node_modules/velocityjs/src/velocity.js:33:18)
[90mGET / [31m500 [90m19ms[0m
Error: ENOENT, no such file or directory '/root/my/github/nana/asset/views/pagelet/IndexHeader.html'
    at Object.fs.openSync (fs.js:439:18)
    at Object.fs.readFileSync (fs.js:290:15)
    at Velocity.module.exports.parse (/root/my/github/nana/grunt-blog/build/lib/macro.js:6:137)
    at Velocity.utils.mixin.getMacro (/root/my/github/nana/grunt-blog/build/node_modules/velocityjs/src/compile/blocks.js:63:23)
    at Velocity.<anonymous> (/root/my/github/nana/grunt-blog/build/node_modules/velocityjs/src/compile/compile.js:98:25)
    at Array.forEach (native)
    at Object.utils.(anonymous function) [as forEach] (/root/my/github/nana/grunt-blog/build/node_modules/velocityjs/src/utils.js:14:25)
    at Velocity.utils.mixin._render (/root/my/github/nana/grunt-blog/build/node_modules/velocityjs/src/compile/compile.js:82:13)
    at Velocity.utils.mixin.render (/root/my/github/nana/grunt-blog/build/node_modules/velocityjs/src/compile/compile.js:48:22)
    at Object.Velocity.render (/root/my/github/nana/grunt-blog/build/node_modules/velocityjs/src/velocity.js:33:18)
[90mGET / [31m500 [90m16ms[0m
Error: ENOENT, no such file or directory '/root/my/github/nana/asset/views/pagelet/IndexHeader.html'
    at Object.fs.openSync (fs.js:439:18)
    at Object.fs.readFileSync (fs.js:290:15)
    at Velocity.module.exports.parse (/root/my/github/nana/grunt-blog/build/lib/macro.js:6:137)
    at Velocity.utils.mixin.getMacro (/root/my/github/nana/grunt-blog/build/node_modules/velocityjs/src/compile/blocks.js:63:23)
    at Velocity.<anonymous> (/root/my/github/nana/grunt-blog/build/node_modules/velocityjs/src/compile/compile.js:98:25)
    at Array.forEach (native)
    at Object.utils.(anonymous function) [as forEach] (/root/my/github/nana/grunt-blog/build/node_modules/velocityjs/src/utils.js:14:25)
    at Velocity.utils.mixin._render (/root/my/github/nana/grunt-blog/build/node_modules/velocityjs/src/compile/compile.js:82:13)
    at Velocity.utils.mixin.render (/root/my/github/nana/grunt-blog/build/node_modules/velocityjs/src/compile/compile.js:48:22)
    at Object.Velocity.render (/root/my/github/nana/grunt-blog/build/node_modules/velocityjs/src/velocity.js:33:18)
[90mGET / [31m500 [90m16ms[0m
Error: ENOENT, no such file or directory '/root/my/github/nana/asset/views/pagelet/IndexHeader.html'
    at Object.fs.openSync (fs.js:439:18)
    at Object.fs.readFileSync (fs.js:290:15)
    at Velocity.module.exports.parse (/root/my/github/nana/grunt-blog/build/lib/macro.js:6:137)
    at Velocity.utils.mixin.getMacro (/root/my/github/nana/grunt-blog/build/node_modules/velocityjs/src/compile/blocks.js:63:23)
    at Velocity.<anonymous> (/root/my/github/nana/grunt-blog/build/node_modules/velocityjs/src/compile/compile.js:98:25)
    at Array.forEach (native)
    at Object.utils.(anonymous function) [as forEach] (/root/my/github/nana/grunt-blog/build/node_modules/velocityjs/src/utils.js:14:25)
    at Velocity.utils.mixin._render (/root/my/github/nana/grunt-blog/build/node_modules/velocityjs/src/compile/compile.js:82:13)
    at Velocity.utils.mixin.render (/root/my/github/nana/grunt-blog/build/node_modules/velocityjs/src/compile/compile.js:48:22)
    at Object.Velocity.render (/root/my/github/nana/grunt-blog/build/node_modules/velocityjs/src/velocity.js:33:18)
[90mGET / [31m500 [90m17ms[0m
Error: ENOENT, no such file or directory '/root/my/github/nana/asset/views/pagelet/IndexHeader.html'
    at Object.fs.openSync (fs.js:439:18)
    at Object.fs.readFileSync (fs.js:290:15)
    at Velocity.module.exports.parse (/root/my/github/nana/grunt-blog/build/lib/macro.js:6:137)
    at Velocity.utils.mixin.getMacro (/root/my/github/nana/grunt-blog/build/node_modules/velocityjs/src/compile/blocks.js:63:23)
    at Velocity.<anonymous> (/root/my/github/nana/grunt-blog/build/node_modules/velocityjs/src/compile/compile.js:98:25)
    at Array.forEach (native)
    at Object.utils.(anonymous function) [as forEach] (/root/my/github/nana/grunt-blog/build/node_modules/velocityjs/src/utils.js:14:25)
    at Velocity.utils.mixin._render (/root/my/github/nana/grunt-blog/build/node_modules/velocityjs/src/compile/compile.js:82:13)
    at Velocity.utils.mixin.render (/root/my/github/nana/grunt-blog/build/node_modules/velocityjs/src/compile/compile.js:48:22)
    at Object.Velocity.render (/root/my/github/nana/grunt-blog/build/node_modules/velocityjs/src/velocity.js:33:18)
[90mGET / [31m500 [90m15ms[0m
Error: ENOENT, no such file or directory '/root/my/github/nana/asset/views/pagelet/IndexHeader.html'
    at Object.fs.openSync (fs.js:439:18)
    at Object.fs.readFileSync (fs.js:290:15)
    at Velocity.module.exports.parse (/root/my/github/nana/grunt-blog/build/lib/macro.js:6:137)
    at Velocity.utils.mixin.getMacro (/root/my/github/nana/grunt-blog/build/node_modules/velocityjs/src/compile/blocks.js:63:23)
    at Velocity.<anonymous> (/root/my/github/nana/grunt-blog/build/node_modules/velocityjs/src/compile/compile.js:98:25)
    at Array.forEach (native)
    at Object.utils.(anonymous function) [as forEach] (/root/my/github/nana/grunt-blog/build/node_modules/velocityjs/src/utils.js:14:25)
    at Velocity.utils.mixin._render (/root/my/github/nana/grunt-blog/build/node_modules/velocityjs/src/compile/compile.js:82:13)
    at Velocity.utils.mixin.render (/root/my/github/nana/grunt-blog/build/node_modules/velocityjs/src/compile/compile.js:48:22)
    at Object.Velocity.render (/root/my/github/nana/grunt-blog/build/node_modules/velocityjs/src/velocity.js:33:18)
[90mGET / [31m500 [90m18ms[0m
Error: ENOENT, no such file or directory '/root/my/github/nana/asset/views/pagelet/IndexHeader.html'
    at Object.fs.openSync (fs.js:439:18)
    at Object.fs.readFileSync (fs.js:290:15)
    at Velocity.module.exports.parse (/root/my/github/nana/grunt-blog/build/lib/macro.js:6:137)
    at Velocity.utils.mixin.getMacro (/root/my/github/nana/grunt-blog/build/node_modules/velocityjs/src/compile/blocks.js:63:23)
    at Velocity.<anonymous> (/root/my/github/nana/grunt-blog/build/node_modules/velocityjs/src/compile/compile.js:98:25)
    at Array.forEach (native)
    at Object.utils.(anonymous function) [as forEach] (/root/my/github/nana/grunt-blog/build/node_modules/velocityjs/src/utils.js:14:25)
    at Velocity.utils.mixin._render (/root/my/github/nana/grunt-blog/build/node_modules/velocityjs/src/compile/compile.js:82:13)
    at Velocity.utils.mixin.render (/root/my/github/nana/grunt-blog/build/node_modules/velocityjs/src/compile/compile.js:48:22)
    at Object.Velocity.render (/root/my/github/nana/grunt-blog/build/node_modules/velocityjs/src/velocity.js:33:18)
[90mGET / [31m500 [90m18ms[0m
Error: ENOENT, no such file or directory '/root/my/github/nana/asset/views/pagelet/IndexHeader.html'
    at Object.fs.openSync (fs.js:439:18)
    at Object.fs.readFileSync (fs.js:290:15)
    at Velocity.module.exports.parse (/root/my/github/nana/grunt-blog/build/lib/macro.js:6:137)
    at Velocity.utils.mixin.getMacro (/root/my/github/nana/grunt-blog/build/node_modules/velocityjs/src/compile/blocks.js:63:23)
    at Velocity.<anonymous> (/root/my/github/nana/grunt-blog/build/node_modules/velocityjs/src/compile/compile.js:98:25)
    at Array.forEach (native)
    at Object.utils.(anonymous function) [as forEach] (/root/my/github/nana/grunt-blog/build/node_modules/velocityjs/src/utils.js:14:25)
    at Velocity.utils.mixin._render (/root/my/github/nana/grunt-blog/build/node_modules/velocityjs/src/compile/compile.js:82:13)
    at Velocity.utils.mixin.render (/root/my/github/nana/grunt-blog/build/node_modules/velocityjs/src/compile/compile.js:48:22)
    at Object.Velocity.render (/root/my/github/nana/grunt-blog/build/node_modules/velocityjs/src/velocity.js:33:18)
[90mGET / [31m500 [90m14ms[0m
Error: ENOENT, no such file or directory '/root/my/github/nana/asset/views/pagelet/IndexHeader.html'
    at Object.fs.openSync (fs.js:439:18)
    at Object.fs.readFileSync (fs.js:290:15)
    at Velocity.module.exports.parse (/root/my/github/nana/grunt-blog/build/lib/macro.js:6:137)
    at Velocity.utils.mixin.getMacro (/root/my/github/nana/grunt-blog/build/node_modules/velocityjs/src/compile/blocks.js:63:23)
    at Velocity.<anonymous> (/root/my/github/nana/grunt-blog/build/node_modules/velocityjs/src/compile/compile.js:98:25)
    at Array.forEach (native)
    at Object.utils.(anonymous function) [as forEach] (/root/my/github/nana/grunt-blog/build/node_modules/velocityjs/src/utils.js:14:25)
    at Velocity.utils.mixin._render (/root/my/github/nana/grunt-blog/build/node_modules/velocityjs/src/compile/compile.js:82:13)
    at Velocity.utils.mixin.render (/root/my/github/nana/grunt-blog/build/node_modules/velocityjs/src/compile/compile.js:48:22)
    at Object.Velocity.render (/root/my/github/nana/grunt-blog/build/node_modules/velocityjs/src/velocity.js:33:18)
[90mGET / [31m500 [90m39ms[0m
Error: ENOENT, no such file or directory '/root/my/github/nana/asset/views/pagelet/IndexHeader.html'
    at Object.fs.openSync (fs.js:439:18)
    at Object.fs.readFileSync (fs.js:290:15)
    at Velocity.module.exports.parse (/root/my/github/nana/grunt-blog/build/lib/macro.js:6:137)
    at Velocity.utils.mixin.getMacro (/root/my/github/nana/grunt-blog/build/node_modules/velocityjs/src/compile/blocks.js:63:23)
    at Velocity.<anonymous> (/root/my/github/nana/grunt-blog/build/node_modules/velocityjs/src/compile/compile.js:98:25)
    at Array.forEach (native)
    at Object.utils.(anonymous function) [as forEach] (/root/my/github/nana/grunt-blog/build/node_modules/velocityjs/src/utils.js:14:25)
    at Velocity.utils.mixin._render (/root/my/github/nana/grunt-blog/build/node_modules/velocityjs/src/compile/compile.js:82:13)
    at Velocity.utils.mixin.render (/root/my/github/nana/grunt-blog/build/node_modules/velocityjs/src/compile/compile.js:48:22)
    at Object.Velocity.render (/root/my/github/nana/grunt-blog/build/node_modules/velocityjs/src/velocity.js:33:18)
[90mGET / [31m500 [90m17ms[0m
Error: ENOENT, no such file or directory '/root/my/github/nana/asset/views/pagelet/IndexHeader.html'
    at Object.fs.openSync (fs.js:439:18)
    at Object.fs.readFileSync (fs.js:290:15)
    at Velocity.module.exports.parse (/root/my/github/nana/grunt-blog/build/lib/macro.js:6:137)
    at Velocity.utils.mixin.getMacro (/root/my/github/nana/grunt-blog/build/node_modules/velocityjs/src/compile/blocks.js:63:23)
    at Velocity.<anonymous> (/root/my/github/nana/grunt-blog/build/node_modules/velocityjs/src/compile/compile.js:98:25)
    at Array.forEach (native)
    at Object.utils.(anonymous function) [as forEach] (/root/my/github/nana/grunt-blog/build/node_modules/velocityjs/src/utils.js:14:25)
    at Velocity.utils.mixin._render (/root/my/github/nana/grunt-blog/build/node_modules/velocityjs/src/compile/compile.js:82:13)
    at Velocity.utils.mixin.render (/root/my/github/nana/grunt-blog/build/node_modules/velocityjs/src/compile/compile.js:48:22)
    at Object.Velocity.render (/root/my/github/nana/grunt-blog/build/node_modules/velocityjs/src/velocity.js:33:18)
[90mGET / [31m500 [90m13ms[0m
Error: ENOENT, no such file or directory '/root/my/github/nana/asset/views/pagelet/IndexHeader.html'
    at Object.fs.openSync (fs.js:439:18)
    at Object.fs.readFileSync (fs.js:290:15)
    at Velocity.module.exports.parse (/root/my/github/nana/grunt-blog/build/lib/macro.js:6:137)
    at Velocity.utils.mixin.getMacro (/root/my/github/nana/grunt-blog/build/node_modules/velocityjs/src/compile/blocks.js:63:23)
    at Velocity.<anonymous> (/root/my/github/nana/grunt-blog/build/node_modules/velocityjs/src/compile/compile.js:98:25)
    at Array.forEach (native)
    at Object.utils.(anonymous function) [as forEach] (/root/my/github/nana/grunt-blog/build/node_modules/velocityjs/src/utils.js:14:25)
    at Velocity.utils.mixin._render (/root/my/github/nana/grunt-blog/build/node_modules/velocityjs/src/compile/compile.js:82:13)
    at Velocity.utils.mixin.render (/root/my/github/nana/grunt-blog/build/node_modules/velocityjs/src/compile/compile.js:48:22)
    at Object.Velocity.render (/root/my/github/nana/grunt-blog/build/node_modules/velocityjs/src/velocity.js:33:18)
[90mGET / [31m500 [90m32ms[0m
Error: ENOENT, no such file or directory '/root/my/github/nana/asset/views/pagelet/IndexHeader.html'
    at Object.fs.openSync (fs.js:439:18)
    at Object.fs.readFileSync (fs.js:290:15)
    at Velocity.module.exports.parse (/root/my/github/nana/grunt-blog/build/lib/macro.js:6:137)
    at Velocity.utils.mixin.getMacro (/root/my/github/nana/grunt-blog/build/node_modules/velocityjs/src/compile/blocks.js:63:23)
    at Velocity.<anonymous> (/root/my/github/nana/grunt-blog/build/node_modules/velocityjs/src/compile/compile.js:98:25)
    at Array.forEach (native)
    at Object.utils.(anonymous function) [as forEach] (/root/my/github/nana/grunt-blog/build/node_modules/velocityjs/src/utils.js:14:25)
    at Velocity.utils.mixin._render (/root/my/github/nana/grunt-blog/build/node_modules/velocityjs/src/compile/compile.js:82:13)
    at Velocity.utils.mixin.render (/root/my/github/nana/grunt-blog/build/node_modules/velocityjs/src/compile/compile.js:48:22)
    at Object.Velocity.render (/root/my/github/nana/grunt-blog/build/node_modules/velocityjs/src/velocity.js:33:18)
[90mGET / [31m500 [90m9ms[0m
Error: ENOENT, no such file or directory '/root/my/github/nana/asset/views/pagelet/IndexHeader.html'
    at Object.fs.openSync (fs.js:439:18)
    at Object.fs.readFileSync (fs.js:290:15)
    at Velocity.module.exports.parse (/root/my/github/nana/grunt-blog/build/lib/macro.js:6:137)
    at Velocity.utils.mixin.getMacro (/root/my/github/nana/grunt-blog/build/node_modules/velocityjs/src/compile/blocks.js:63:23)
    at Velocity.<anonymous> (/root/my/github/nana/grunt-blog/build/node_modules/velocityjs/src/compile/compile.js:98:25)
    at Array.forEach (native)
    at Object.utils.(anonymous function) [as forEach] (/root/my/github/nana/grunt-blog/build/node_modules/velocityjs/src/utils.js:14:25)
    at Velocity.utils.mixin._render (/root/my/github/nana/grunt-blog/build/node_modules/velocityjs/src/compile/compile.js:82:13)
    at Velocity.utils.mixin.render (/root/my/github/nana/grunt-blog/build/node_modules/velocityjs/src/compile/compile.js:48:22)
    at Object.Velocity.render (/root/my/github/nana/grunt-blog/build/node_modules/velocityjs/src/velocity.js:33:18)
[90mGET / [31m500 [90m8ms[0m
Error: ENOENT, no such file or directory '/root/my/github/nana/asset/views/pagelet/IndexHeader.html'
    at Object.fs.openSync (fs.js:439:18)
    at Object.fs.readFileSync (fs.js:290:15)
    at Velocity.module.exports.parse (/root/my/github/nana/grunt-blog/build/lib/macro.js:6:137)
    at Velocity.utils.mixin.getMacro (/root/my/github/nana/grunt-blog/build/node_modules/velocityjs/src/compile/blocks.js:63:23)
    at Velocity.<anonymous> (/root/my/github/nana/grunt-blog/build/node_modules/velocityjs/src/compile/compile.js:98:25)
    at Array.forEach (native)
    at Object.utils.(anonymous function) [as forEach] (/root/my/github/nana/grunt-blog/build/node_modules/velocityjs/src/utils.js:14:25)
    at Velocity.utils.mixin._render (/root/my/github/nana/grunt-blog/build/node_modules/velocityjs/src/compile/compile.js:82:13)
    at Velocity.utils.mixin.render (/root/my/github/nana/grunt-blog/build/node_modules/velocityjs/src/compile/compile.js:48:22)
    at Object.Velocity.render (/root/my/github/nana/grunt-blog/build/node_modules/velocityjs/src/velocity.js:33:18)
[90mGET / [31m500 [90m10ms[0m
Error: ENOENT, no such file or directory '/root/my/github/nana/asset/views/pagelet/IndexHeader.html'
    at Object.fs.openSync (fs.js:439:18)
    at Object.fs.readFileSync (fs.js:290:15)
    at Velocity.module.exports.parse (/root/my/github/nana/grunt-blog/build/lib/macro.js:6:137)
    at Velocity.utils.mixin.getMacro (/root/my/github/nana/grunt-blog/build/node_modules/velocityjs/src/compile/blocks.js:63:23)
    at Velocity.<anonymous> (/root/my/github/nana/grunt-blog/build/node_modules/velocityjs/src/compile/compile.js:98:25)
    at Array.forEach (native)
    at Object.utils.(anonymous function) [as forEach] (/root/my/github/nana/grunt-blog/build/node_modules/velocityjs/src/utils.js:14:25)
    at Velocity.utils.mixin._render (/root/my/github/nana/grunt-blog/build/node_modules/velocityjs/src/compile/compile.js:82:13)
    at Velocity.utils.mixin.render (/root/my/github/nana/grunt-blog/build/node_modules/velocityjs/src/compile/compile.js:48:22)
    at Object.Velocity.render (/root/my/github/nana/grunt-blog/build/node_modules/velocityjs/src/velocity.js:33:18)
[90mGET / [31m500 [90m13ms[0m
Error: ENOENT, no such file or directory '/root/my/github/nana/asset/views/pagelet/IndexHeader.html'
    at Object.fs.openSync (fs.js:439:18)
    at Object.fs.readFileSync (fs.js:290:15)
    at Velocity.module.exports.parse (/root/my/github/nana/grunt-blog/build/lib/macro.js:6:137)
    at Velocity.utils.mixin.getMacro (/root/my/github/nana/grunt-blog/build/node_modules/velocityjs/src/compile/blocks.js:63:23)
    at Velocity.<anonymous> (/root/my/github/nana/grunt-blog/build/node_modules/velocityjs/src/compile/compile.js:98:25)
    at Array.forEach (native)
    at Object.utils.(anonymous function) [as forEach] (/root/my/github/nana/grunt-blog/build/node_modules/velocityjs/src/utils.js:14:25)
    at Velocity.utils.mixin._render (/root/my/github/nana/grunt-blog/build/node_modules/velocityjs/src/compile/compile.js:82:13)
    at Velocity.utils.mixin.render (/root/my/github/nana/grunt-blog/build/node_modules/velocityjs/src/compile/compile.js:48:22)
    at Object.Velocity.render (/root/my/github/nana/grunt-blog/build/node_modules/velocityjs/src/velocity.js:33:18)
[90mGET / [31m500 [90m11ms[0m
Error: ENOENT, no such file or directory '/root/my/github/nana/asset/views/pagelet/IndexHeader.html'
    at Object.fs.openSync (fs.js:439:18)
    at Object.fs.readFileSync (fs.js:290:15)
    at Velocity.module.exports.parse (/root/my/github/nana/grunt-blog/build/lib/macro.js:6:137)
    at Velocity.utils.mixin.getMacro (/root/my/github/nana/grunt-blog/build/node_modules/velocityjs/src/compile/blocks.js:63:23)
    at Velocity.<anonymous> (/root/my/github/nana/grunt-blog/build/node_modules/velocityjs/src/compile/compile.js:98:25)
    at Array.forEach (native)
    at Object.utils.(anonymous function) [as forEach] (/root/my/github/nana/grunt-blog/build/node_modules/velocityjs/src/utils.js:14:25)
    at Velocity.utils.mixin._render (/root/my/github/nana/grunt-blog/build/node_modules/velocityjs/src/compile/compile.js:82:13)
    at Velocity.utils.mixin.render (/root/my/github/nana/grunt-blog/build/node_modules/velocityjs/src/compile/compile.js:48:22)
    at Object.Velocity.render (/root/my/github/nana/grunt-blog/build/node_modules/velocityjs/src/velocity.js:33:18)
[90mGET / [31m500 [90m20ms[0m
Error: ENOENT, no such file or directory '/root/my/github/nana/asset/views/pagelet/IndexHeader.html'
    at Object.fs.openSync (fs.js:439:18)
    at Object.fs.readFileSync (fs.js:290:15)
    at Velocity.module.exports.parse (/root/my/github/nana/grunt-blog/build/lib/macro.js:6:137)
    at Velocity.utils.mixin.getMacro (/root/my/github/nana/grunt-blog/build/node_modules/velocityjs/src/compile/blocks.js:63:23)
    at Velocity.<anonymous> (/root/my/github/nana/grunt-blog/build/node_modules/velocityjs/src/compile/compile.js:98:25)
    at Array.forEach (native)
    at Object.utils.(anonymous function) [as forEach] (/root/my/github/nana/grunt-blog/build/node_modules/velocityjs/src/utils.js:14:25)
    at Velocity.utils.mixin._render (/root/my/github/nana/grunt-blog/build/node_modules/velocityjs/src/compile/compile.js:82:13)
    at Velocity.utils.mixin.render (/root/my/github/nana/grunt-blog/build/node_modules/velocityjs/src/compile/compile.js:48:22)
    at Object.Velocity.render (/root/my/github/nana/grunt-blog/build/node_modules/velocityjs/src/velocity.js:33:18)
[90mGET / [31m500 [90m19ms[0m
Error: ENOENT, no such file or directory '/root/my/github/nana/asset/views/pagelet/IndexHeader.html'
    at Object.fs.openSync (fs.js:439:18)
    at Object.fs.readFileSync (fs.js:290:15)
    at Velocity.module.exports.parse (/root/my/github/nana/grunt-blog/build/lib/macro.js:6:137)
    at Velocity.utils.mixin.getMacro (/root/my/github/nana/grunt-blog/build/node_modules/velocityjs/src/compile/blocks.js:63:23)
    at Velocity.<anonymous> (/root/my/github/nana/grunt-blog/build/node_modules/velocityjs/src/compile/compile.js:98:25)
    at Array.forEach (native)
    at Object.utils.(anonymous function) [as forEach] (/root/my/github/nana/grunt-blog/build/node_modules/velocityjs/src/utils.js:14:25)
    at Velocity.utils.mixin._render (/root/my/github/nana/grunt-blog/build/node_modules/velocityjs/src/compile/compile.js:82:13)
    at Velocity.utils.mixin.render (/root/my/github/nana/grunt-blog/build/node_modules/velocityjs/src/compile/compile.js:48:22)
    at Object.Velocity.render (/root/my/github/nana/grunt-blog/build/node_modules/velocityjs/src/velocity.js:33:18)
[90mGET / [31m500 [90m9ms[0m
Error: ENOENT, no such file or directory '/root/my/github/nana/asset/views/pagelet/IndexHeader.html'
    at Object.fs.openSync (fs.js:439:18)
    at Object.fs.readFileSync (fs.js:290:15)
    at Velocity.module.exports.parse (/root/my/github/nana/grunt-blog/build/lib/macro.js:6:137)
    at Velocity.utils.mixin.getMacro (/root/my/github/nana/grunt-blog/build/node_modules/velocityjs/src/compile/blocks.js:63:23)
    at Velocity.<anonymous> (/root/my/github/nana/grunt-blog/build/node_modules/velocityjs/src/compile/compile.js:98:25)
    at Array.forEach (native)
    at Object.utils.(anonymous function) [as forEach] (/root/my/github/nana/grunt-blog/build/node_modules/velocityjs/src/utils.js:14:25)
    at Velocity.utils.mixin._render (/root/my/github/nana/grunt-blog/build/node_modules/velocityjs/src/compile/compile.js:82:13)
    at Velocity.utils.mixin.render (/root/my/github/nana/grunt-blog/build/node_modules/velocityjs/src/compile/compile.js:48:22)
    at Object.Velocity.render (/root/my/github/nana/grunt-blog/build/node_modules/velocityjs/src/velocity.js:33:18)
[90mGET / [31m500 [90m8ms[0m
Error: ENOENT, no such file or directory '/root/my/github/nana/asset/views/pagelet/IndexHeader.html'
    at Object.fs.openSync (fs.js:439:18)
    at Object.fs.readFileSync (fs.js:290:15)
    at Velocity.module.exports.parse (/root/my/github/nana/grunt-blog/build/lib/macro.js:6:137)
    at Velocity.utils.mixin.getMacro (/root/my/github/nana/grunt-blog/build/node_modules/velocityjs/src/compile/blocks.js:63:23)
    at Velocity.<anonymous> (/root/my/github/nana/grunt-blog/build/node_modules/velocityjs/src/compile/compile.js:98:25)
    at Array.forEach (native)
    at Object.utils.(anonymous function) [as forEach] (/root/my/github/nana/grunt-blog/build/node_modules/velocityjs/src/utils.js:14:25)
    at Velocity.utils.mixin._render (/root/my/github/nana/grunt-blog/build/node_modules/velocityjs/src/compile/compile.js:82:13)
    at Velocity.utils.mixin.render (/root/my/github/nana/grunt-blog/build/node_modules/velocityjs/src/compile/compile.js:48:22)
    at Object.Velocity.render (/root/my/github/nana/grunt-blog/build/node_modules/velocityjs/src/velocity.js:33:18)
[90mGET / [31m500 [90m11ms[0m
Error: ENOENT, no such file or directory '/root/my/github/nana/asset/views/pagelet/IndexHeader.html'
    at Object.fs.openSync (fs.js:439:18)
    at Object.fs.readFileSync (fs.js:290:15)
    at Velocity.module.exports.parse (/root/my/github/nana/grunt-blog/build/lib/macro.js:6:137)
    at Velocity.utils.mixin.getMacro (/root/my/github/nana/grunt-blog/build/node_modules/velocityjs/src/compile/blocks.js:63:23)
    at Velocity.<anonymous> (/root/my/github/nana/grunt-blog/build/node_modules/velocityjs/src/compile/compile.js:98:25)
    at Array.forEach (native)
    at Object.utils.(anonymous function) [as forEach] (/root/my/github/nana/grunt-blog/build/node_modules/velocityjs/src/utils.js:14:25)
    at Velocity.utils.mixin._render (/root/my/github/nana/grunt-blog/build/node_modules/velocityjs/src/compile/compile.js:82:13)
    at Velocity.utils.mixin.render (/root/my/github/nana/grunt-blog/build/node_modules/velocityjs/src/compile/compile.js:48:22)
    at Object.Velocity.render (/root/my/github/nana/grunt-blog/build/node_modules/velocityjs/src/velocity.js:33:18)
[90mGET / [31m500 [90m27ms[0m
Error: ENOENT, no such file or directory '/root/my/github/nana/asset/views/pagelet/IndexHeader.html'
    at Object.fs.openSync (fs.js:439:18)
    at Object.fs.readFileSync (fs.js:290:15)
    at Velocity.module.exports.parse (/root/my/github/nana/grunt-blog/build/lib/macro.js:6:137)
    at Velocity.utils.mixin.getMacro (/root/my/github/nana/grunt-blog/build/node_modules/velocityjs/src/compile/blocks.js:63:23)
    at Velocity.<anonymous> (/root/my/github/nana/grunt-blog/build/node_modules/velocityjs/src/compile/compile.js:98:25)
    at Array.forEach (native)
    at Object.utils.(anonymous function) [as forEach] (/root/my/github/nana/grunt-blog/build/node_modules/velocityjs/src/utils.js:14:25)
    at Velocity.utils.mixin._render (/root/my/github/nana/grunt-blog/build/node_modules/velocityjs/src/compile/compile.js:82:13)
    at Velocity.utils.mixin.render (/root/my/github/nana/grunt-blog/build/node_modules/velocityjs/src/compile/compile.js:48:22)
    at Object.Velocity.render (/root/my/github/nana/grunt-blog/build/node_modules/velocityjs/src/velocity.js:33:18)
[90mGET / [31m500 [90m12ms[0m
Error: ENOENT, no such file or directory '/root/my/github/nana/asset/views/pagelet/IndexHeader.html'
    at Object.fs.openSync (fs.js:439:18)
    at Object.fs.readFileSync (fs.js:290:15)
    at Velocity.module.exports.parse (/root/my/github/nana/grunt-blog/build/lib/macro.js:6:137)
    at Velocity.utils.mixin.getMacro (/root/my/github/nana/grunt-blog/build/node_modules/velocityjs/src/compile/blocks.js:63:23)
    at Velocity.<anonymous> (/root/my/github/nana/grunt-blog/build/node_modules/velocityjs/src/compile/compile.js:98:25)
    at Array.forEach (native)
    at Object.utils.(anonymous function) [as forEach] (/root/my/github/nana/grunt-blog/build/node_modules/velocityjs/src/utils.js:14:25)
    at Velocity.utils.mixin._render (/root/my/github/nana/grunt-blog/build/node_modules/velocityjs/src/compile/compile.js:82:13)
    at Velocity.utils.mixin.render (/root/my/github/nana/grunt-blog/build/node_modules/velocityjs/src/compile/compile.js:48:22)
    at Object.Velocity.render (/root/my/github/nana/grunt-blog/build/node_modules/velocityjs/src/velocity.js:33:18)
[90mGET / [31m500 [90m14ms[0m
Error: ENOENT, no such file or directory '/root/my/github/nana/asset/views/pagelet/IndexHeader.html'
    at Object.fs.openSync (fs.js:439:18)
    at Object.fs.readFileSync (fs.js:290:15)
    at Velocity.module.exports.parse (/root/my/github/nana/grunt-blog/build/lib/macro.js:6:137)
    at Velocity.utils.mixin.getMacro (/root/my/github/nana/grunt-blog/build/node_modules/velocityjs/src/compile/blocks.js:63:23)
    at Velocity.<anonymous> (/root/my/github/nana/grunt-blog/build/node_modules/velocityjs/src/compile/compile.js:98:25)
    at Array.forEach (native)
    at Object.utils.(anonymous function) [as forEach] (/root/my/github/nana/grunt-blog/build/node_modules/velocityjs/src/utils.js:14:25)
    at Velocity.utils.mixin._render (/root/my/github/nana/grunt-blog/build/node_modules/velocityjs/src/compile/compile.js:82:13)
    at Velocity.utils.mixin.render (/root/my/github/nana/grunt-blog/build/node_modules/velocityjs/src/compile/compile.js:48:22)
    at Object.Velocity.render (/root/my/github/nana/grunt-blog/build/node_modules/velocityjs/src/velocity.js:33:18)
[90mGET / [31m500 [90m16ms[0m
Error: ENOENT, no such file or directory '/root/my/github/nana/asset/views/pagelet/IndexHeader.html'
    at Object.fs.openSync (fs.js:439:18)
    at Object.fs.readFileSync (fs.js:290:15)
    at Velocity.module.exports.parse (/root/my/github/nana/grunt-blog/build/lib/macro.js:6:137)
    at Velocity.utils.mixin.getMacro (/root/my/github/nana/grunt-blog/build/node_modules/velocityjs/src/compile/blocks.js:63:23)
    at Velocity.<anonymous> (/root/my/github/nana/grunt-blog/build/node_modules/velocityjs/src/compile/compile.js:98:25)
    at Array.forEach (native)
    at Object.utils.(anonymous function) [as forEach] (/root/my/github/nana/grunt-blog/build/node_modules/velocityjs/src/utils.js:14:25)
    at Velocity.utils.mixin._render (/root/my/github/nana/grunt-blog/build/node_modules/velocityjs/src/compile/compile.js:82:13)
    at Velocity.utils.mixin.render (/root/my/github/nana/grunt-blog/build/node_modules/velocityjs/src/compile/compile.js:48:22)
    at Object.Velocity.render (/root/my/github/nana/grunt-blog/build/node_modules/velocityjs/src/velocity.js:33:18)
[90mGET / [31m500 [90m7ms[0m
Error: ENOENT, no such file or directory '/root/my/github/nana/asset/views/pagelet/IndexHeader.html'
    at Object.fs.openSync (fs.js:439:18)
    at Object.fs.readFileSync (fs.js:290:15)
    at Velocity.module.exports.parse (/root/my/github/nana/grunt-blog/build/lib/macro.js:6:137)
    at Velocity.utils.mixin.getMacro (/root/my/github/nana/grunt-blog/build/node_modules/velocityjs/src/compile/blocks.js:63:23)
    at Velocity.<anonymous> (/root/my/github/nana/grunt-blog/build/node_modules/velocityjs/src/compile/compile.js:98:25)
    at Array.forEach (native)
    at Object.utils.(anonymous function) [as forEach] (/root/my/github/nana/grunt-blog/build/node_modules/velocityjs/src/utils.js:14:25)
    at Velocity.utils.mixin._render (/root/my/github/nana/grunt-blog/build/node_modules/velocityjs/src/compile/compile.js:82:13)
    at Velocity.utils.mixin.render (/root/my/github/nana/grunt-blog/build/node_modules/velocityjs/src/compile/compile.js:48:22)
    at Object.Velocity.render (/root/my/github/nana/grunt-blog/build/node_modules/velocityjs/src/velocity.js:33:18)
[90mGET / [31m500 [90m12ms[0m
Error: ENOENT, no such file or directory '/root/my/github/nana/asset/views/pagelet/IndexHeader.html'
    at Object.fs.openSync (fs.js:439:18)
    at Object.fs.readFileSync (fs.js:290:15)
    at Velocity.module.exports.parse (/root/my/github/nana/grunt-blog/build/lib/macro.js:6:137)
    at Velocity.utils.mixin.getMacro (/root/my/github/nana/grunt-blog/build/node_modules/velocityjs/src/compile/blocks.js:63:23)
    at Velocity.<anonymous> (/root/my/github/nana/grunt-blog/build/node_modules/velocityjs/src/compile/compile.js:98:25)
    at Array.forEach (native)
    at Object.utils.(anonymous function) [as forEach] (/root/my/github/nana/grunt-blog/build/node_modules/velocityjs/src/utils.js:14:25)
    at Velocity.utils.mixin._render (/root/my/github/nana/grunt-blog/build/node_modules/velocityjs/src/compile/compile.js:82:13)
    at Velocity.utils.mixin.render (/root/my/github/nana/grunt-blog/build/node_modules/velocityjs/src/compile/compile.js:48:22)
    at Object.Velocity.render (/root/my/github/nana/grunt-blog/build/node_modules/velocityjs/src/velocity.js:33:18)
[90mGET / [31m500 [90m21ms[0m
Error: ENOENT, no such file or directory '/root/my/github/nana/asset/views/pagelet/IndexHeader.html'
    at Object.fs.openSync (fs.js:439:18)
    at Object.fs.readFileSync (fs.js:290:15)
    at Velocity.module.exports.parse (/root/my/github/nana/grunt-blog/build/lib/macro.js:6:137)
    at Velocity.utils.mixin.getMacro (/root/my/github/nana/grunt-blog/build/node_modules/velocityjs/src/compile/blocks.js:63:23)
    at Velocity.<anonymous> (/root/my/github/nana/grunt-blog/build/node_modules/velocityjs/src/compile/compile.js:98:25)
    at Array.forEach (native)
    at Object.utils.(anonymous function) [as forEach] (/root/my/github/nana/grunt-blog/build/node_modules/velocityjs/src/utils.js:14:25)
    at Velocity.utils.mixin._render (/root/my/github/nana/grunt-blog/build/node_modules/velocityjs/src/compile/compile.js:82:13)
    at Velocity.utils.mixin.render (/root/my/github/nana/grunt-blog/build/node_modules/velocityjs/src/compile/compile.js:48:22)
    at Object.Velocity.render (/root/my/github/nana/grunt-blog/build/node_modules/velocityjs/src/velocity.js:33:18)
[90mGET / [31m500 [90m60ms[0m
Error: ENOENT, no such file or directory '/root/my/github/nana/asset/views/pagelet/IndexHeader.html'
    at Object.fs.openSync (fs.js:439:18)
    at Object.fs.readFileSync (fs.js:290:15)
    at Velocity.module.exports.parse (/root/my/github/nana/grunt-blog/build/lib/macro.js:6:137)
    at Velocity.utils.mixin.getMacro (/root/my/github/nana/grunt-blog/build/node_modules/velocityjs/src/compile/blocks.js:63:23)
    at Velocity.<anonymous> (/root/my/github/nana/grunt-blog/build/node_modules/velocityjs/src/compile/compile.js:98:25)
    at Array.forEach (native)
    at Object.utils.(anonymous function) [as forEach] (/root/my/github/nana/grunt-blog/build/node_modules/velocityjs/src/utils.js:14:25)
    at Velocity.utils.mixin._render (/root/my/github/nana/grunt-blog/build/node_modules/velocityjs/src/compile/compile.js:82:13)
    at Velocity.utils.mixin.render (/root/my/github/nana/grunt-blog/build/node_modules/velocityjs/src/compile/compile.js:48:22)
    at Object.Velocity.render (/root/my/github/nana/grunt-blog/build/node_modules/velocityjs/src/velocity.js:33:18)
[90mGET / [31m500 [90m13ms[0m
Error: ENOENT, no such file or directory '/root/my/github/nana/asset/views/pagelet/IndexHeader.html'
    at Object.fs.openSync (fs.js:439:18)
    at Object.fs.readFileSync (fs.js:290:15)
    at Velocity.module.exports.parse (/root/my/github/nana/grunt-blog/build/lib/macro.js:6:137)
    at Velocity.utils.mixin.getMacro (/root/my/github/nana/grunt-blog/build/node_modules/velocityjs/src/compile/blocks.js:63:23)
    at Velocity.<anonymous> (/root/my/github/nana/grunt-blog/build/node_modules/velocityjs/src/compile/compile.js:98:25)
    at Array.forEach (native)
    at Object.utils.(anonymous function) [as forEach] (/root/my/github/nana/grunt-blog/build/node_modules/velocityjs/src/utils.js:14:25)
    at Velocity.utils.mixin._render (/root/my/github/nana/grunt-blog/build/node_modules/velocityjs/src/compile/compile.js:82:13)
    at Velocity.utils.mixin.render (/root/my/github/nana/grunt-blog/build/node_modules/velocityjs/src/compile/compile.js:48:22)
    at Object.Velocity.render (/root/my/github/nana/grunt-blog/build/node_modules/velocityjs/src/velocity.js:33:18)
[90mGET / [31m500 [90m11ms[0m
Error: ENOENT, no such file or directory '/root/my/github/nana/asset/views/pagelet/IndexHeader.html'
    at Object.fs.openSync (fs.js:439:18)
    at Object.fs.readFileSync (fs.js:290:15)
    at Velocity.module.exports.parse (/root/my/github/nana/grunt-blog/build/lib/macro.js:6:137)
    at Velocity.utils.mixin.getMacro (/root/my/github/nana/grunt-blog/build/node_modules/velocityjs/src/compile/blocks.js:63:23)
    at Velocity.<anonymous> (/root/my/github/nana/grunt-blog/build/node_modules/velocityjs/src/compile/compile.js:98:25)
    at Array.forEach (native)
    at Object.utils.(anonymous function) [as forEach] (/root/my/github/nana/grunt-blog/build/node_modules/velocityjs/src/utils.js:14:25)
    at Velocity.utils.mixin._render (/root/my/github/nana/grunt-blog/build/node_modules/velocityjs/src/compile/compile.js:82:13)
    at Velocity.utils.mixin.render (/root/my/github/nana/grunt-blog/build/node_modules/velocityjs/src/compile/compile.js:48:22)
    at Object.Velocity.render (/root/my/github/nana/grunt-blog/build/node_modules/velocityjs/src/velocity.js:33:18)
[90mGET / [31m500 [90m27ms[0m
Error: ENOENT, no such file or directory '/root/my/github/nana/asset/views/pagelet/IndexHeader.html'
    at Object.fs.openSync (fs.js:439:18)
    at Object.fs.readFileSync (fs.js:290:15)
    at Velocity.module.exports.parse (/root/my/github/nana/grunt-blog/build/lib/macro.js:6:137)
    at Velocity.utils.mixin.getMacro (/root/my/github/nana/grunt-blog/build/node_modules/velocityjs/src/compile/blocks.js:63:23)
    at Velocity.<anonymous> (/root/my/github/nana/grunt-blog/build/node_modules/velocityjs/src/compile/compile.js:98:25)
    at Array.forEach (native)
    at Object.utils.(anonymous function) [as forEach] (/root/my/github/nana/grunt-blog/build/node_modules/velocityjs/src/utils.js:14:25)
    at Velocity.utils.mixin._render (/root/my/github/nana/grunt-blog/build/node_modules/velocityjs/src/compile/compile.js:82:13)
    at Velocity.utils.mixin.render (/root/my/github/nana/grunt-blog/build/node_modules/velocityjs/src/compile/compile.js:48:22)
    at Object.Velocity.render (/root/my/github/nana/grunt-blog/build/node_modules/velocityjs/src/velocity.js:33:18)
[90mGET / [31m500 [90m13ms[0m
Error: ENOENT, no such file or directory '/root/my/github/nana/asset/views/pagelet/IndexHeader.html'
    at Object.fs.openSync (fs.js:439:18)
    at Object.fs.readFileSync (fs.js:290:15)
    at Velocity.module.exports.parse (/root/my/github/nana/grunt-blog/build/lib/macro.js:6:137)
    at Velocity.utils.mixin.getMacro (/root/my/github/nana/grunt-blog/build/node_modules/velocityjs/src/compile/blocks.js:63:23)
    at Velocity.<anonymous> (/root/my/github/nana/grunt-blog/build/node_modules/velocityjs/src/compile/compile.js:98:25)
    at Array.forEach (native)
    at Object.utils.(anonymous function) [as forEach] (/root/my/github/nana/grunt-blog/build/node_modules/velocityjs/src/utils.js:14:25)
    at Velocity.utils.mixin._render (/root/my/github/nana/grunt-blog/build/node_modules/velocityjs/src/compile/compile.js:82:13)
    at Velocity.utils.mixin.render (/root/my/github/nana/grunt-blog/build/node_modules/velocityjs/src/compile/compile.js:48:22)
    at Object.Velocity.render (/root/my/github/nana/grunt-blog/build/node_modules/velocityjs/src/velocity.js:33:18)
[90mGET / [31m500 [90m19ms[0m
Error: ENOENT, no such file or directory '/root/my/github/nana/asset/views/pagelet/IndexHeader.html'
    at Object.fs.openSync (fs.js:439:18)
    at Object.fs.readFileSync (fs.js:290:15)
    at Velocity.module.exports.parse (/root/my/github/nana/grunt-blog/build/lib/macro.js:6:137)
    at Velocity.utils.mixin.getMacro (/root/my/github/nana/grunt-blog/build/node_modules/velocityjs/src/compile/blocks.js:63:23)
    at Velocity.<anonymous> (/root/my/github/nana/grunt-blog/build/node_modules/velocityjs/src/compile/compile.js:98:25)
    at Array.forEach (native)
    at Object.utils.(anonymous function) [as forEach] (/root/my/github/nana/grunt-blog/build/node_modules/velocityjs/src/utils.js:14:25)
    at Velocity.utils.mixin._render (/root/my/github/nana/grunt-blog/build/node_modules/velocityjs/src/compile/compile.js:82:13)
    at Velocity.utils.mixin.render (/root/my/github/nana/grunt-blog/build/node_modules/velocityjs/src/compile/compile.js:48:22)
    at Object.Velocity.render (/root/my/github/nana/grunt-blog/build/node_modules/velocityjs/src/velocity.js:33:18)
[90mGET / [31m500 [90m18ms[0m
Error: ENOENT, no such file or directory '/root/my/github/nana/asset/views/pagelet/IndexHeader.html'
    at Object.fs.openSync (fs.js:439:18)
    at Object.fs.readFileSync (fs.js:290:15)
    at Velocity.module.exports.parse (/root/my/github/nana/grunt-blog/build/lib/macro.js:6:137)
    at Velocity.utils.mixin.getMacro (/root/my/github/nana/grunt-blog/build/node_modules/velocityjs/src/compile/blocks.js:63:23)
    at Velocity.<anonymous> (/root/my/github/nana/grunt-blog/build/node_modules/velocityjs/src/compile/compile.js:98:25)
    at Array.forEach (native)
    at Object.utils.(anonymous function) [as forEach] (/root/my/github/nana/grunt-blog/build/node_modules/velocityjs/src/utils.js:14:25)
    at Velocity.utils.mixin._render (/root/my/github/nana/grunt-blog/build/node_modules/velocityjs/src/compile/compile.js:82:13)
    at Velocity.utils.mixin.render (/root/my/github/nana/grunt-blog/build/node_modules/velocityjs/src/compile/compile.js:48:22)
    at Object.Velocity.render (/root/my/github/nana/grunt-blog/build/node_modules/velocityjs/src/velocity.js:33:18)
[90mGET / [31m500 [90m9ms[0m
Error: ENOENT, no such file or directory '/root/my/github/nana/asset/views/pagelet/IndexHeader.html'
    at Object.fs.openSync (fs.js:439:18)
    at Object.fs.readFileSync (fs.js:290:15)
    at Velocity.module.exports.parse (/root/my/github/nana/grunt-blog/build/lib/macro.js:6:137)
    at Velocity.utils.mixin.getMacro (/root/my/github/nana/grunt-blog/build/node_modules/velocityjs/src/compile/blocks.js:63:23)
    at Velocity.<anonymous> (/root/my/github/nana/grunt-blog/build/node_modules/velocityjs/src/compile/compile.js:98:25)
    at Array.forEach (native)
    at Object.utils.(anonymous function) [as forEach] (/root/my/github/nana/grunt-blog/build/node_modules/velocityjs/src/utils.js:14:25)
    at Velocity.utils.mixin._render (/root/my/github/nana/grunt-blog/build/node_modules/velocityjs/src/compile/compile.js:82:13)
    at Velocity.utils.mixin.render (/root/my/github/nana/grunt-blog/build/node_modules/velocityjs/src/compile/compile.js:48:22)
    at Object.Velocity.render (/root/my/github/nana/grunt-blog/build/node_modules/velocityjs/src/velocity.js:33:18)
[90mGET / [31m500 [90m11ms[0m
Error: ENOENT, no such file or directory '/root/my/github/nana/asset/views/pagelet/IndexHeader.html'
    at Object.fs.openSync (fs.js:439:18)
    at Object.fs.readFileSync (fs.js:290:15)
    at Velocity.module.exports.parse (/root/my/github/nana/grunt-blog/build/lib/macro.js:6:137)
    at Velocity.utils.mixin.getMacro (/root/my/github/nana/grunt-blog/build/node_modules/velocityjs/src/compile/blocks.js:63:23)
    at Velocity.<anonymous> (/root/my/github/nana/grunt-blog/build/node_modules/velocityjs/src/compile/compile.js:98:25)
    at Array.forEach (native)
    at Object.utils.(anonymous function) [as forEach] (/root/my/github/nana/grunt-blog/build/node_modules/velocityjs/src/utils.js:14:25)
    at Velocity.utils.mixin._render (/root/my/github/nana/grunt-blog/build/node_modules/velocityjs/src/compile/compile.js:82:13)
    at Velocity.utils.mixin.render (/root/my/github/nana/grunt-blog/build/node_modules/velocityjs/src/compile/compile.js:48:22)
    at Object.Velocity.render (/root/my/github/nana/grunt-blog/build/node_modules/velocityjs/src/velocity.js:33:18)
[90mGET / [31m500 [90m12ms[0m
Error: ENOENT, no such file or directory '/root/my/github/nana/asset/views/pagelet/IndexHeader.html'
    at Object.fs.openSync (fs.js:439:18)
    at Object.fs.readFileSync (fs.js:290:15)
    at Velocity.module.exports.parse (/root/my/github/nana/grunt-blog/build/lib/macro.js:6:137)
    at Velocity.utils.mixin.getMacro (/root/my/github/nana/grunt-blog/build/node_modules/velocityjs/src/compile/blocks.js:63:23)
    at Velocity.<anonymous> (/root/my/github/nana/grunt-blog/build/node_modules/velocityjs/src/compile/compile.js:98:25)
    at Array.forEach (native)
    at Object.utils.(anonymous function) [as forEach] (/root/my/github/nana/grunt-blog/build/node_modules/velocityjs/src/utils.js:14:25)
    at Velocity.utils.mixin._render (/root/my/github/nana/grunt-blog/build/node_modules/velocityjs/src/compile/compile.js:82:13)
    at Velocity.utils.mixin.render (/root/my/github/nana/grunt-blog/build/node_modules/velocityjs/src/compile/compile.js:48:22)
    at Object.Velocity.render (/root/my/github/nana/grunt-blog/build/node_modules/velocityjs/src/velocity.js:33:18)
[90mGET / [31m500 [90m15ms[0m
Error: ENOENT, no such file or directory '/root/my/github/nana/asset/views/pagelet/IndexHeader.html'
    at Object.fs.openSync (fs.js:439:18)
    at Object.fs.readFileSync (fs.js:290:15)
    at Velocity.module.exports.parse (/root/my/github/nana/grunt-blog/build/lib/macro.js:6:137)
    at Velocity.utils.mixin.getMacro (/root/my/github/nana/grunt-blog/build/node_modules/velocityjs/src/compile/blocks.js:63:23)
    at Velocity.<anonymous> (/root/my/github/nana/grunt-blog/build/node_modules/velocityjs/src/compile/compile.js:98:25)
    at Array.forEach (native)
    at Object.utils.(anonymous function) [as forEach] (/root/my/github/nana/grunt-blog/build/node_modules/velocityjs/src/utils.js:14:25)
    at Velocity.utils.mixin._render (/root/my/github/nana/grunt-blog/build/node_modules/velocityjs/src/compile/compile.js:82:13)
    at Velocity.utils.mixin.render (/root/my/github/nana/grunt-blog/build/node_modules/velocityjs/src/compile/compile.js:48:22)
    at Object.Velocity.render (/root/my/github/nana/grunt-blog/build/node_modules/velocityjs/src/velocity.js:33:18)
[90mGET / [31m500 [90m7ms[0m
Error: ENOENT, no such file or directory '/root/my/github/nana/asset/views/pagelet/IndexHeader.html'
    at Object.fs.openSync (fs.js:439:18)
    at Object.fs.readFileSync (fs.js:290:15)
    at Velocity.module.exports.parse (/root/my/github/nana/grunt-blog/build/lib/macro.js:6:137)
    at Velocity.utils.mixin.getMacro (/root/my/github/nana/grunt-blog/build/node_modules/velocityjs/src/compile/blocks.js:63:23)
    at Velocity.<anonymous> (/root/my/github/nana/grunt-blog/build/node_modules/velocityjs/src/compile/compile.js:98:25)
    at Array.forEach (native)
    at Object.utils.(anonymous function) [as forEach] (/root/my/github/nana/grunt-blog/build/node_modules/velocityjs/src/utils.js:14:25)
    at Velocity.utils.mixin._render (/root/my/github/nana/grunt-blog/build/node_modules/velocityjs/src/compile/compile.js:82:13)
    at Velocity.utils.mixin.render (/root/my/github/nana/grunt-blog/build/node_modules/velocityjs/src/compile/compile.js:48:22)
    at Object.Velocity.render (/root/my/github/nana/grunt-blog/build/node_modules/velocityjs/src/velocity.js:33:18)
[90mGET / [31m500 [90m12ms[0m
Error: ENOENT, no such file or directory '/root/my/github/nana/asset/views/pagelet/IndexHeader.html'
    at Object.fs.openSync (fs.js:439:18)
    at Object.fs.readFileSync (fs.js:290:15)
    at Velocity.module.exports.parse (/root/my/github/nana/grunt-blog/build/lib/macro.js:6:137)
    at Velocity.utils.mixin.getMacro (/root/my/github/nana/grunt-blog/build/node_modules/velocityjs/src/compile/blocks.js:63:23)
    at Velocity.<anonymous> (/root/my/github/nana/grunt-blog/build/node_modules/velocityjs/src/compile/compile.js:98:25)
    at Array.forEach (native)
    at Object.utils.(anonymous function) [as forEach] (/root/my/github/nana/grunt-blog/build/node_modules/velocityjs/src/utils.js:14:25)
    at Velocity.utils.mixin._render (/root/my/github/nana/grunt-blog/build/node_modules/velocityjs/src/compile/compile.js:82:13)
    at Velocity.utils.mixin.render (/root/my/github/nana/grunt-blog/build/node_modules/velocityjs/src/compile/compile.js:48:22)
    at Object.Velocity.render (/root/my/github/nana/grunt-blog/build/node_modules/velocityjs/src/velocity.js:33:18)
[90mGET / [31m500 [90m10ms[0m
Error: ENOENT, no such file or directory '/root/my/github/nana/asset/views/pagelet/IndexHeader.html'
    at Object.fs.openSync (fs.js:439:18)
    at Object.fs.readFileSync (fs.js:290:15)
    at Velocity.module.exports.parse (/root/my/github/nana/grunt-blog/build/lib/macro.js:6:137)
    at Velocity.utils.mixin.getMacro (/root/my/github/nana/grunt-blog/build/node_modules/velocityjs/src/compile/blocks.js:63:23)
    at Velocity.<anonymous> (/root/my/github/nana/grunt-blog/build/node_modules/velocityjs/src/compile/compile.js:98:25)
    at Array.forEach (native)
    at Object.utils.(anonymous function) [as forEach] (/root/my/github/nana/grunt-blog/build/node_modules/velocityjs/src/utils.js:14:25)
    at Velocity.utils.mixin._render (/root/my/github/nana/grunt-blog/build/node_modules/velocityjs/src/compile/compile.js:82:13)
    at Velocity.utils.mixin.render (/root/my/github/nana/grunt-blog/build/node_modules/velocityjs/src/compile/compile.js:48:22)
    at Object.Velocity.render (/root/my/github/nana/grunt-blog/build/node_modules/velocityjs/src/velocity.js:33:18)
[90mGET / [31m500 [90m9ms[0m
Error: ENOENT, no such file or directory '/root/my/github/nana/asset/views/pagelet/IndexHeader.html'
    at Object.fs.openSync (fs.js:439:18)
    at Object.fs.readFileSync (fs.js:290:15)
    at Velocity.module.exports.parse (/root/my/github/nana/grunt-blog/build/lib/macro.js:6:137)
    at Velocity.utils.mixin.getMacro (/root/my/github/nana/grunt-blog/build/node_modules/velocityjs/src/compile/blocks.js:63:23)
    at Velocity.<anonymous> (/root/my/github/nana/grunt-blog/build/node_modules/velocityjs/src/compile/compile.js:98:25)
    at Array.forEach (native)
    at Object.utils.(anonymous function) [as forEach] (/root/my/github/nana/grunt-blog/build/node_modules/velocityjs/src/utils.js:14:25)
    at Velocity.utils.mixin._render (/root/my/github/nana/grunt-blog/build/node_modules/velocityjs/src/compile/compile.js:82:13)
    at Velocity.utils.mixin.render (/root/my/github/nana/grunt-blog/build/node_modules/velocityjs/src/compile/compile.js:48:22)
    at Object.Velocity.render (/root/my/github/nana/grunt-blog/build/node_modules/velocityjs/src/velocity.js:33:18)
[90mGET / [31m500 [90m18ms[0m
Error: ENOENT, no such file or directory '/root/my/github/nana/asset/views/pagelet/IndexHeader.html'
    at Object.fs.openSync (fs.js:439:18)
    at Object.fs.readFileSync (fs.js:290:15)
    at Velocity.module.exports.parse (/root/my/github/nana/grunt-blog/build/lib/macro.js:6:137)
    at Velocity.utils.mixin.getMacro (/root/my/github/nana/grunt-blog/build/node_modules/velocityjs/src/compile/blocks.js:63:23)
    at Velocity.<anonymous> (/root/my/github/nana/grunt-blog/build/node_modules/velocityjs/src/compile/compile.js:98:25)
    at Array.forEach (native)
    at Object.utils.(anonymous function) [as forEach] (/root/my/github/nana/grunt-blog/build/node_modules/velocityjs/src/utils.js:14:25)
    at Velocity.utils.mixin._render (/root/my/github/nana/grunt-blog/build/node_modules/velocityjs/src/compile/compile.js:82:13)
    at Velocity.utils.mixin.render (/root/my/github/nana/grunt-blog/build/node_modules/velocityjs/src/compile/compile.js:48:22)
    at Object.Velocity.render (/root/my/github/nana/grunt-blog/build/node_modules/velocityjs/src/velocity.js:33:18)
[90mGET / [31m500 [90m10ms[0m
Error: ENOENT, no such file or directory '/root/my/github/nana/asset/views/pagelet/IndexHeader.html'
    at Object.fs.openSync (fs.js:439:18)
    at Object.fs.readFileSync (fs.js:290:15)
    at Velocity.module.exports.parse (/root/my/github/nana/grunt-blog/build/lib/macro.js:6:137)
    at Velocity.utils.mixin.getMacro (/root/my/github/nana/grunt-blog/build/node_modules/velocityjs/src/compile/blocks.js:63:23)
    at Velocity.<anonymous> (/root/my/github/nana/grunt-blog/build/node_modules/velocityjs/src/compile/compile.js:98:25)
    at Array.forEach (native)
    at Object.utils.(anonymous function) [as forEach] (/root/my/github/nana/grunt-blog/build/node_modules/velocityjs/src/utils.js:14:25)
    at Velocity.utils.mixin._render (/root/my/github/nana/grunt-blog/build/node_modules/velocityjs/src/compile/compile.js:82:13)
    at Velocity.utils.mixin.render (/root/my/github/nana/grunt-blog/build/node_modules/velocityjs/src/compile/compile.js:48:22)
    at Object.Velocity.render (/root/my/github/nana/grunt-blog/build/node_modules/velocityjs/src/velocity.js:33:18)
[90mGET / [31m500 [90m11ms[0m
Error: ENOENT, no such file or directory '/root/my/github/nana/asset/views/pagelet/IndexHeader.html'
    at Object.fs.openSync (fs.js:439:18)
    at Object.fs.readFileSync (fs.js:290:15)
    at Velocity.module.exports.parse (/root/my/github/nana/grunt-blog/build/lib/macro.js:6:137)
    at Velocity.utils.mixin.getMacro (/root/my/github/nana/grunt-blog/build/node_modules/velocityjs/src/compile/blocks.js:63:23)
    at Velocity.<anonymous> (/root/my/github/nana/grunt-blog/build/node_modules/velocityjs/src/compile/compile.js:98:25)
    at Array.forEach (native)
    at Object.utils.(anonymous function) [as forEach] (/root/my/github/nana/grunt-blog/build/node_modules/velocityjs/src/utils.js:14:25)
    at Velocity.utils.mixin._render (/root/my/github/nana/grunt-blog/build/node_modules/velocityjs/src/compile/compile.js:82:13)
    at Velocity.utils.mixin.render (/root/my/github/nana/grunt-blog/build/node_modules/velocityjs/src/compile/compile.js:48:22)
    at Object.Velocity.render (/root/my/github/nana/grunt-blog/build/node_modules/velocityjs/src/velocity.js:33:18)
[90mGET / [31m500 [90m9ms[0m
Error: ENOENT, no such file or directory '/root/my/github/nana/asset/views/pagelet/IndexHeader.html'
    at Object.fs.openSync (fs.js:439:18)
    at Object.fs.readFileSync (fs.js:290:15)
    at Velocity.module.exports.parse (/root/my/github/nana/grunt-blog/build/lib/macro.js:6:137)
    at Velocity.utils.mixin.getMacro (/root/my/github/nana/grunt-blog/build/node_modules/velocityjs/src/compile/blocks.js:63:23)
    at Velocity.<anonymous> (/root/my/github/nana/grunt-blog/build/node_modules/velocityjs/src/compile/compile.js:98:25)
    at Array.forEach (native)
    at Object.utils.(anonymous function) [as forEach] (/root/my/github/nana/grunt-blog/build/node_modules/velocityjs/src/utils.js:14:25)
    at Velocity.utils.mixin._render (/root/my/github/nana/grunt-blog/build/node_modules/velocityjs/src/compile/compile.js:82:13)
    at Velocity.utils.mixin.render (/root/my/github/nana/grunt-blog/build/node_modules/velocityjs/src/compile/compile.js:48:22)
    at Object.Velocity.render (/root/my/github/nana/grunt-blog/build/node_modules/velocityjs/src/velocity.js:33:18)
[90mGET / [31m500 [90m11ms[0m
Error: ENOENT, no such file or directory '/root/my/github/nana/asset/views/pagelet/IndexHeader.html'
    at Object.fs.openSync (fs.js:439:18)
    at Object.fs.readFileSync (fs.js:290:15)
    at Velocity.module.exports.parse (/root/my/github/nana/grunt-blog/build/lib/macro.js:6:137)
    at Velocity.utils.mixin.getMacro (/root/my/github/nana/grunt-blog/build/node_modules/velocityjs/src/compile/blocks.js:63:23)
    at Velocity.<anonymous> (/root/my/github/nana/grunt-blog/build/node_modules/velocityjs/src/compile/compile.js:98:25)
    at Array.forEach (native)
    at Object.utils.(anonymous function) [as forEach] (/root/my/github/nana/grunt-blog/build/node_modules/velocityjs/src/utils.js:14:25)
    at Velocity.utils.mixin._render (/root/my/github/nana/grunt-blog/build/node_modules/velocityjs/src/compile/compile.js:82:13)
    at Velocity.utils.mixin.render (/root/my/github/nana/grunt-blog/build/node_modules/velocityjs/src/compile/compile.js:48:22)
    at Object.Velocity.render (/root/my/github/nana/grunt-blog/build/node_modules/velocityjs/src/velocity.js:33:18)
[90mGET / [31m500 [90m13ms[0m
Error: ENOENT, no such file or directory '/root/my/github/nana/asset/views/pagelet/IndexHeader.html'
    at Object.fs.openSync (fs.js:439:18)
    at Object.fs.readFileSync (fs.js:290:15)
    at Velocity.module.exports.parse (/root/my/github/nana/grunt-blog/build/lib/macro.js:6:137)
    at Velocity.utils.mixin.getMacro (/root/my/github/nana/grunt-blog/build/node_modules/velocityjs/src/compile/blocks.js:63:23)
    at Velocity.<anonymous> (/root/my/github/nana/grunt-blog/build/node_modules/velocityjs/src/compile/compile.js:98:25)
    at Array.forEach (native)
    at Object.utils.(anonymous function) [as forEach] (/root/my/github/nana/grunt-blog/build/node_modules/velocityjs/src/utils.js:14:25)
    at Velocity.utils.mixin._render (/root/my/github/nana/grunt-blog/build/node_modules/velocityjs/src/compile/compile.js:82:13)
    at Velocity.utils.mixin.render (/root/my/github/nana/grunt-blog/build/node_modules/velocityjs/src/compile/compile.js:48:22)
    at Object.Velocity.render (/root/my/github/nana/grunt-blog/build/node_modules/velocityjs/src/velocity.js:33:18)
[90mGET / [31m500 [90m10ms[0m
Error: ENOENT, no such file or directory '/root/my/github/nana/asset/views/pagelet/IndexHeader.html'
    at Object.fs.openSync (fs.js:439:18)
    at Object.fs.readFileSync (fs.js:290:15)
    at Velocity.module.exports.parse (/root/my/github/nana/grunt-blog/build/lib/macro.js:6:137)
    at Velocity.utils.mixin.getMacro (/root/my/github/nana/grunt-blog/build/node_modules/velocityjs/src/compile/blocks.js:63:23)
    at Velocity.<anonymous> (/root/my/github/nana/grunt-blog/build/node_modules/velocityjs/src/compile/compile.js:98:25)
    at Array.forEach (native)
    at Object.utils.(anonymous function) [as forEach] (/root/my/github/nana/grunt-blog/build/node_modules/velocityjs/src/utils.js:14:25)
    at Velocity.utils.mixin._render (/root/my/github/nana/grunt-blog/build/node_modules/velocityjs/src/compile/compile.js:82:13)
    at Velocity.utils.mixin.render (/root/my/github/nana/grunt-blog/build/node_modules/velocityjs/src/compile/compile.js:48:22)
    at Object.Velocity.render (/root/my/github/nana/grunt-blog/build/node_modules/velocityjs/src/velocity.js:33:18)
[90mGET / [31m500 [90m10ms[0m
Error: ENOENT, no such file or directory '/root/my/github/nana/asset/views/pagelet/IndexHeader.html'
    at Object.fs.openSync (fs.js:439:18)
    at Object.fs.readFileSync (fs.js:290:15)
    at Velocity.module.exports.parse (/root/my/github/nana/grunt-blog/build/lib/macro.js:6:137)
    at Velocity.utils.mixin.getMacro (/root/my/github/nana/grunt-blog/build/node_modules/velocityjs/src/compile/blocks.js:63:23)
    at Velocity.<anonymous> (/root/my/github/nana/grunt-blog/build/node_modules/velocityjs/src/compile/compile.js:98:25)
    at Array.forEach (native)
    at Object.utils.(anonymous function) [as forEach] (/root/my/github/nana/grunt-blog/build/node_modules/velocityjs/src/utils.js:14:25)
    at Velocity.utils.mixin._render (/root/my/github/nana/grunt-blog/build/node_modules/velocityjs/src/compile/compile.js:82:13)
    at Velocity.utils.mixin.render (/root/my/github/nana/grunt-blog/build/node_modules/velocityjs/src/compile/compile.js:48:22)
    at Object.Velocity.render (/root/my/github/nana/grunt-blog/build/node_modules/velocityjs/src/velocity.js:33:18)
[90mGET / [31m500 [90m12ms[0m
Error: ENOENT, no such file or directory '/root/my/github/nana/asset/views/pagelet/IndexHeader.html'
    at Object.fs.openSync (fs.js:439:18)
    at Object.fs.readFileSync (fs.js:290:15)
    at Velocity.module.exports.parse (/root/my/github/nana/grunt-blog/build/lib/macro.js:6:137)
    at Velocity.utils.mixin.getMacro (/root/my/github/nana/grunt-blog/build/node_modules/velocityjs/src/compile/blocks.js:63:23)
    at Velocity.<anonymous> (/root/my/github/nana/grunt-blog/build/node_modules/velocityjs/src/compile/compile.js:98:25)
    at Array.forEach (native)
    at Object.utils.(anonymous function) [as forEach] (/root/my/github/nana/grunt-blog/build/node_modules/velocityjs/src/utils.js:14:25)
    at Velocity.utils.mixin._render (/root/my/github/nana/grunt-blog/build/node_modules/velocityjs/src/compile/compile.js:82:13)
    at Velocity.utils.mixin.render (/root/my/github/nana/grunt-blog/build/node_modules/velocityjs/src/compile/compile.js:48:22)
    at Object.Velocity.render (/root/my/github/nana/grunt-blog/build/node_modules/velocityjs/src/velocity.js:33:18)
[90mGET / [31m500 [90m8ms[0m
Error: ENOENT, no such file or directory '/root/my/github/nana/asset/views/pagelet/IndexHeader.html'
    at Object.fs.openSync (fs.js:439:18)
    at Object.fs.readFileSync (fs.js:290:15)
    at Velocity.module.exports.parse (/root/my/github/nana/grunt-blog/build/lib/macro.js:6:137)
    at Velocity.utils.mixin.getMacro (/root/my/github/nana/grunt-blog/build/node_modules/velocityjs/src/compile/blocks.js:63:23)
    at Velocity.<anonymous> (/root/my/github/nana/grunt-blog/build/node_modules/velocityjs/src/compile/compile.js:98:25)
    at Array.forEach (native)
    at Object.utils.(anonymous function) [as forEach] (/root/my/github/nana/grunt-blog/build/node_modules/velocityjs/src/utils.js:14:25)
    at Velocity.utils.mixin._render (/root/my/github/nana/grunt-blog/build/node_modules/velocityjs/src/compile/compile.js:82:13)
    at Velocity.utils.mixin.render (/root/my/github/nana/grunt-blog/build/node_modules/velocityjs/src/compile/compile.js:48:22)
    at Object.Velocity.render (/root/my/github/nana/grunt-blog/build/node_modules/velocityjs/src/velocity.js:33:18)
[90mGET / [31m500 [90m13ms[0m
Error: ENOENT, no such file or directory '/root/my/github/nana/asset/views/pagelet/IndexHeader.html'
    at Object.fs.openSync (fs.js:439:18)
    at Object.fs.readFileSync (fs.js:290:15)
    at Velocity.module.exports.parse (/root/my/github/nana/grunt-blog/build/lib/macro.js:6:137)
    at Velocity.utils.mixin.getMacro (/root/my/github/nana/grunt-blog/build/node_modules/velocityjs/src/compile/blocks.js:63:23)
    at Velocity.<anonymous> (/root/my/github/nana/grunt-blog/build/node_modules/velocityjs/src/compile/compile.js:98:25)
    at Array.forEach (native)
    at Object.utils.(anonymous function) [as forEach] (/root/my/github/nana/grunt-blog/build/node_modules/velocityjs/src/utils.js:14:25)
    at Velocity.utils.mixin._render (/root/my/github/nana/grunt-blog/build/node_modules/velocityjs/src/compile/compile.js:82:13)
    at Velocity.utils.mixin.render (/root/my/github/nana/grunt-blog/build/node_modules/velocityjs/src/compile/compile.js:48:22)
    at Object.Velocity.render (/root/my/github/nana/grunt-blog/build/node_modules/velocityjs/src/velocity.js:33:18)
[90mGET / [31m500 [90m55ms[0m
Error: ENOENT, no such file or directory '/root/my/github/nana/asset/views/pagelet/IndexHeader.html'
    at Object.fs.openSync (fs.js:439:18)
    at Object.fs.readFileSync (fs.js:290:15)
    at Velocity.module.exports.parse (/root/my/github/nana/grunt-blog/build/lib/macro.js:6:137)
    at Velocity.utils.mixin.getMacro (/root/my/github/nana/grunt-blog/build/node_modules/velocityjs/src/compile/blocks.js:63:23)
    at Velocity.<anonymous> (/root/my/github/nana/grunt-blog/build/node_modules/velocityjs/src/compile/compile.js:98:25)
    at Array.forEach (native)
    at Object.utils.(anonymous function) [as forEach] (/root/my/github/nana/grunt-blog/build/node_modules/velocityjs/src/utils.js:14:25)
    at Velocity.utils.mixin._render (/root/my/github/nana/grunt-blog/build/node_modules/velocityjs/src/compile/compile.js:82:13)
    at Velocity.utils.mixin.render (/root/my/github/nana/grunt-blog/build/node_modules/velocityjs/src/compile/compile.js:48:22)
    at Object.Velocity.render (/root/my/github/nana/grunt-blog/build/node_modules/velocityjs/src/velocity.js:33:18)
[90mGET / [31m500 [90m9ms[0m
Error: ENOENT, no such file or directory '/root/my/github/nana/asset/views/pagelet/IndexHeader.html'
    at Object.fs.openSync (fs.js:439:18)
    at Object.fs.readFileSync (fs.js:290:15)
    at Velocity.module.exports.parse (/root/my/github/nana/grunt-blog/build/lib/macro.js:6:137)
    at Velocity.utils.mixin.getMacro (/root/my/github/nana/grunt-blog/build/node_modules/velocityjs/src/compile/blocks.js:63:23)
    at Velocity.<anonymous> (/root/my/github/nana/grunt-blog/build/node_modules/velocityjs/src/compile/compile.js:98:25)
    at Array.forEach (native)
    at Object.utils.(anonymous function) [as forEach] (/root/my/github/nana/grunt-blog/build/node_modules/velocityjs/src/utils.js:14:25)
    at Velocity.utils.mixin._render (/root/my/github/nana/grunt-blog/build/node_modules/velocityjs/src/compile/compile.js:82:13)
    at Velocity.utils.mixin.render (/root/my/github/nana/grunt-blog/build/node_modules/velocityjs/src/compile/compile.js:48:22)
    at Object.Velocity.render (/root/my/github/nana/grunt-blog/build/node_modules/velocityjs/src/velocity.js:33:18)
[90mGET / [31m500 [90m13ms[0m
Error: ENOENT, no such file or directory '/root/my/github/nana/asset/views/pagelet/IndexHeader.html'
    at Object.fs.openSync (fs.js:439:18)
    at Object.fs.readFileSync (fs.js:290:15)
    at Velocity.module.exports.parse (/root/my/github/nana/grunt-blog/build/lib/macro.js:6:137)
    at Velocity.utils.mixin.getMacro (/root/my/github/nana/grunt-blog/build/node_modules/velocityjs/src/compile/blocks.js:63:23)
    at Velocity.<anonymous> (/root/my/github/nana/grunt-blog/build/node_modules/velocityjs/src/compile/compile.js:98:25)
    at Array.forEach (native)
    at Object.utils.(anonymous function) [as forEach] (/root/my/github/nana/grunt-blog/build/node_modules/velocityjs/src/utils.js:14:25)
    at Velocity.utils.mixin._render (/root/my/github/nana/grunt-blog/build/node_modules/velocityjs/src/compile/compile.js:82:13)
    at Velocity.utils.mixin.render (/root/my/github/nana/grunt-blog/build/node_modules/velocityjs/src/compile/compile.js:48:22)
    at Object.Velocity.render (/root/my/github/nana/grunt-blog/build/node_modules/velocityjs/src/velocity.js:33:18)
[90mGET / [31m500 [90m11ms[0m
Error: ENOENT, no such file or directory '/root/my/github/nana/asset/views/pagelet/IndexHeader.html'
    at Object.fs.openSync (fs.js:439:18)
    at Object.fs.readFileSync (fs.js:290:15)
    at Velocity.module.exports.parse (/root/my/github/nana/grunt-blog/build/lib/macro.js:6:137)
    at Velocity.utils.mixin.getMacro (/root/my/github/nana/grunt-blog/build/node_modules/velocityjs/src/compile/blocks.js:63:23)
    at Velocity.<anonymous> (/root/my/github/nana/grunt-blog/build/node_modules/velocityjs/src/compile/compile.js:98:25)
    at Array.forEach (native)
    at Object.utils.(anonymous function) [as forEach] (/root/my/github/nana/grunt-blog/build/node_modules/velocityjs/src/utils.js:14:25)
    at Velocity.utils.mixin._render (/root/my/github/nana/grunt-blog/build/node_modules/velocityjs/src/compile/compile.js:82:13)
    at Velocity.utils.mixin.render (/root/my/github/nana/grunt-blog/build/node_modules/velocityjs/src/compile/compile.js:48:22)
    at Object.Velocity.render (/root/my/github/nana/grunt-blog/build/node_modules/velocityjs/src/velocity.js:33:18)
[90mGET / [31m500 [90m10ms[0m
Error: ENOENT, no such file or directory '/root/my/github/nana/asset/views/pagelet/IndexHeader.html'
    at Object.fs.openSync (fs.js:439:18)
    at Object.fs.readFileSync (fs.js:290:15)
    at Velocity.module.exports.parse (/root/my/github/nana/grunt-blog/build/lib/macro.js:6:137)
    at Velocity.utils.mixin.getMacro (/root/my/github/nana/grunt-blog/build/node_modules/velocityjs/src/compile/blocks.js:63:23)
    at Velocity.<anonymous> (/root/my/github/nana/grunt-blog/build/node_modules/velocityjs/src/compile/compile.js:98:25)
    at Array.forEach (native)
    at Object.utils.(anonymous function) [as forEach] (/root/my/github/nana/grunt-blog/build/node_modules/velocityjs/src/utils.js:14:25)
    at Velocity.utils.mixin._render (/root/my/github/nana/grunt-blog/build/node_modules/velocityjs/src/compile/compile.js:82:13)
    at Velocity.utils.mixin.render (/root/my/github/nana/grunt-blog/build/node_modules/velocityjs/src/compile/compile.js:48:22)
    at Object.Velocity.render (/root/my/github/nana/grunt-blog/build/node_modules/velocityjs/src/velocity.js:33:18)
[90mGET / [31m500 [90m12ms[0m
Error: ENOENT, no such file or directory '/root/my/github/nana/asset/views/pagelet/IndexHeader.html'
    at Object.fs.openSync (fs.js:439:18)
    at Object.fs.readFileSync (fs.js:290:15)
    at Velocity.module.exports.parse (/root/my/github/nana/grunt-blog/build/lib/macro.js:6:137)
    at Velocity.utils.mixin.getMacro (/root/my/github/nana/grunt-blog/build/node_modules/velocityjs/src/compile/blocks.js:63:23)
    at Velocity.<anonymous> (/root/my/github/nana/grunt-blog/build/node_modules/velocityjs/src/compile/compile.js:98:25)
    at Array.forEach (native)
    at Object.utils.(anonymous function) [as forEach] (/root/my/github/nana/grunt-blog/build/node_modules/velocityjs/src/utils.js:14:25)
    at Velocity.utils.mixin._render (/root/my/github/nana/grunt-blog/build/node_modules/velocityjs/src/compile/compile.js:82:13)
    at Velocity.utils.mixin.render (/root/my/github/nana/grunt-blog/build/node_modules/velocityjs/src/compile/compile.js:48:22)
    at Object.Velocity.render (/root/my/github/nana/grunt-blog/build/node_modules/velocityjs/src/velocity.js:33:18)
[90mGET / [31m500 [90m15ms[0m
Error: ENOENT, no such file or directory '/root/my/github/nana/asset/views/pagelet/IndexHeader.html'
    at Object.fs.openSync (fs.js:439:18)
    at Object.fs.readFileSync (fs.js:290:15)
    at Velocity.module.exports.parse (/root/my/github/nana/grunt-blog/build/lib/macro.js:6:137)
    at Velocity.utils.mixin.getMacro (/root/my/github/nana/grunt-blog/build/node_modules/velocityjs/src/compile/blocks.js:63:23)
    at Velocity.<anonymous> (/root/my/github/nana/grunt-blog/build/node_modules/velocityjs/src/compile/compile.js:98:25)
    at Array.forEach (native)
    at Object.utils.(anonymous function) [as forEach] (/root/my/github/nana/grunt-blog/build/node_modules/velocityjs/src/utils.js:14:25)
    at Velocity.utils.mixin._render (/root/my/github/nana/grunt-blog/build/node_modules/velocityjs/src/compile/compile.js:82:13)
    at Velocity.utils.mixin.render (/root/my/github/nana/grunt-blog/build/node_modules/velocityjs/src/compile/compile.js:48:22)
    at Object.Velocity.render (/root/my/github/nana/grunt-blog/build/node_modules/velocityjs/src/velocity.js:33:18)
[90mGET / [31m500 [90m11ms[0m
Error: ENOENT, no such file or directory '/root/my/github/nana/asset/views/pagelet/IndexHeader.html'
    at Object.fs.openSync (fs.js:439:18)
    at Object.fs.readFileSync (fs.js:290:15)
    at Velocity.module.exports.parse (/root/my/github/nana/grunt-blog/build/lib/macro.js:6:137)
    at Velocity.utils.mixin.getMacro (/root/my/github/nana/grunt-blog/build/node_modules/velocityjs/src/compile/blocks.js:63:23)
    at Velocity.<anonymous> (/root/my/github/nana/grunt-blog/build/node_modules/velocityjs/src/compile/compile.js:98:25)
    at Array.forEach (native)
    at Object.utils.(anonymous function) [as forEach] (/root/my/github/nana/grunt-blog/build/node_modules/velocityjs/src/utils.js:14:25)
    at Velocity.utils.mixin._render (/root/my/github/nana/grunt-blog/build/node_modules/velocityjs/src/compile/compile.js:82:13)
    at Velocity.utils.mixin.render (/root/my/github/nana/grunt-blog/build/node_modules/velocityjs/src/compile/compile.js:48:22)
    at Object.Velocity.render (/root/my/github/nana/grunt-blog/build/node_modules/velocityjs/src/velocity.js:33:18)
[90mGET / [31m500 [90m11ms[0m
Error: ENOENT, no such file or directory '/root/my/github/nana/asset/views/pagelet/IndexHeader.html'
    at Object.fs.openSync (fs.js:439:18)
    at Object.fs.readFileSync (fs.js:290:15)
    at Velocity.module.exports.parse (/root/my/github/nana/grunt-blog/build/lib/macro.js:6:137)
    at Velocity.utils.mixin.getMacro (/root/my/github/nana/grunt-blog/build/node_modules/velocityjs/src/compile/blocks.js:63:23)
    at Velocity.<anonymous> (/root/my/github/nana/grunt-blog/build/node_modules/velocityjs/src/compile/compile.js:98:25)
    at Array.forEach (native)
    at Object.utils.(anonymous function) [as forEach] (/root/my/github/nana/grunt-blog/build/node_modules/velocityjs/src/utils.js:14:25)
    at Velocity.utils.mixin._render (/root/my/github/nana/grunt-blog/build/node_modules/velocityjs/src/compile/compile.js:82:13)
    at Velocity.utils.mixin.render (/root/my/github/nana/grunt-blog/build/node_modules/velocityjs/src/compile/compile.js:48:22)
    at Object.Velocity.render (/root/my/github/nana/grunt-blog/build/node_modules/velocityjs/src/velocity.js:33:18)
[90mGET / [31m500 [90m7ms[0m
Error: ENOENT, no such file or directory '/root/my/github/nana/asset/views/pagelet/IndexHeader.html'
    at Object.fs.openSync (fs.js:439:18)
    at Object.fs.readFileSync (fs.js:290:15)
    at Velocity.module.exports.parse (/root/my/github/nana/grunt-blog/build/lib/macro.js:6:137)
    at Velocity.utils.mixin.getMacro (/root/my/github/nana/grunt-blog/build/node_modules/velocityjs/src/compile/blocks.js:63:23)
    at Velocity.<anonymous> (/root/my/github/nana/grunt-blog/build/node_modules/velocityjs/src/compile/compile.js:98:25)
    at Array.forEach (native)
    at Object.utils.(anonymous function) [as forEach] (/root/my/github/nana/grunt-blog/build/node_modules/velocityjs/src/utils.js:14:25)
    at Velocity.utils.mixin._render (/root/my/github/nana/grunt-blog/build/node_modules/velocityjs/src/compile/compile.js:82:13)
    at Velocity.utils.mixin.render (/root/my/github/nana/grunt-blog/build/node_modules/velocityjs/src/compile/compile.js:48:22)
    at Object.Velocity.render (/root/my/github/nana/grunt-blog/build/node_modules/velocityjs/src/velocity.js:33:18)
[90mGET / [31m500 [90m12ms[0m
Error: ENOENT, no such file or directory '/root/my/github/nana/asset/views/pagelet/IndexHeader.html'
    at Object.fs.openSync (fs.js:439:18)
    at Object.fs.readFileSync (fs.js:290:15)
    at Velocity.module.exports.parse (/root/my/github/nana/grunt-blog/build/lib/macro.js:6:137)
    at Velocity.utils.mixin.getMacro (/root/my/github/nana/grunt-blog/build/node_modules/velocityjs/src/compile/blocks.js:63:23)
    at Velocity.<anonymous> (/root/my/github/nana/grunt-blog/build/node_modules/velocityjs/src/compile/compile.js:98:25)
    at Array.forEach (native)
    at Object.utils.(anonymous function) [as forEach] (/root/my/github/nana/grunt-blog/build/node_modules/velocityjs/src/utils.js:14:25)
    at Velocity.utils.mixin._render (/root/my/github/nana/grunt-blog/build/node_modules/velocityjs/src/compile/compile.js:82:13)
    at Velocity.utils.mixin.render (/root/my/github/nana/grunt-blog/build/node_modules/velocityjs/src/compile/compile.js:48:22)
    at Object.Velocity.render (/root/my/github/nana/grunt-blog/build/node_modules/velocityjs/src/velocity.js:33:18)
[90mGET / [31m500 [90m12ms[0m
Error: ENOENT, no such file or directory '/root/my/github/nana/asset/views/pagelet/IndexHeader.html'
    at Object.fs.openSync (fs.js:439:18)
    at Object.fs.readFileSync (fs.js:290:15)
    at Velocity.module.exports.parse (/root/my/github/nana/grunt-blog/build/lib/macro.js:6:137)
    at Velocity.utils.mixin.getMacro (/root/my/github/nana/grunt-blog/build/node_modules/velocityjs/src/compile/blocks.js:63:23)
    at Velocity.<anonymous> (/root/my/github/nana/grunt-blog/build/node_modules/velocityjs/src/compile/compile.js:98:25)
    at Array.forEach (native)
    at Object.utils.(anonymous function) [as forEach] (/root/my/github/nana/grunt-blog/build/node_modules/velocityjs/src/utils.js:14:25)
    at Velocity.utils.mixin._render (/root/my/github/nana/grunt-blog/build/node_modules/velocityjs/src/compile/compile.js:82:13)
    at Velocity.utils.mixin.render (/root/my/github/nana/grunt-blog/build/node_modules/velocityjs/src/compile/compile.js:48:22)
    at Object.Velocity.render (/root/my/github/nana/grunt-blog/build/node_modules/velocityjs/src/velocity.js:33:18)
[90mGET / [31m500 [90m13ms[0m
Error: ENOENT, no such file or directory '/root/my/github/nana/asset/views/pagelet/IndexHeader.html'
    at Object.fs.openSync (fs.js:439:18)
    at Object.fs.readFileSync (fs.js:290:15)
    at Velocity.module.exports.parse (/root/my/github/nana/grunt-blog/build/lib/macro.js:6:137)
    at Velocity.utils.mixin.getMacro (/root/my/github/nana/grunt-blog/build/node_modules/velocityjs/src/compile/blocks.js:63:23)
    at Velocity.<anonymous> (/root/my/github/nana/grunt-blog/build/node_modules/velocityjs/src/compile/compile.js:98:25)
    at Array.forEach (native)
    at Object.utils.(anonymous function) [as forEach] (/root/my/github/nana/grunt-blog/build/node_modules/velocityjs/src/utils.js:14:25)
    at Velocity.utils.mixin._render (/root/my/github/nana/grunt-blog/build/node_modules/velocityjs/src/compile/compile.js:82:13)
    at Velocity.utils.mixin.render (/root/my/github/nana/grunt-blog/build/node_modules/velocityjs/src/compile/compile.js:48:22)
    at Object.Velocity.render (/root/my/github/nana/grunt-blog/build/node_modules/velocityjs/src/velocity.js:33:18)
[90mGET / [31m500 [90m8ms[0m
Error: ENOENT, no such file or directory '/root/my/github/nana/asset/views/pagelet/IndexHeader.html'
    at Object.fs.openSync (fs.js:439:18)
    at Object.fs.readFileSync (fs.js:290:15)
    at Velocity.module.exports.parse (/root/my/github/nana/grunt-blog/build/lib/macro.js:6:137)
    at Velocity.utils.mixin.getMacro (/root/my/github/nana/grunt-blog/build/node_modules/velocityjs/src/compile/blocks.js:63:23)
    at Velocity.<anonymous> (/root/my/github/nana/grunt-blog/build/node_modules/velocityjs/src/compile/compile.js:98:25)
    at Array.forEach (native)
    at Object.utils.(anonymous function) [as forEach] (/root/my/github/nana/grunt-blog/build/node_modules/velocityjs/src/utils.js:14:25)
    at Velocity.utils.mixin._render (/root/my/github/nana/grunt-blog/build/node_modules/velocityjs/src/compile/compile.js:82:13)
    at Velocity.utils.mixin.render (/root/my/github/nana/grunt-blog/build/node_modules/velocityjs/src/compile/compile.js:48:22)
    at Object.Velocity.render (/root/my/github/nana/grunt-blog/build/node_modules/velocityjs/src/velocity.js:33:18)
[90mGET / [31m500 [90m7ms[0m
Error: ENOENT, no such file or directory '/root/my/github/nana/asset/views/pagelet/IndexHeader.html'
    at Object.fs.openSync (fs.js:439:18)
    at Object.fs.readFileSync (fs.js:290:15)
    at Velocity.module.exports.parse (/root/my/github/nana/grunt-blog/build/lib/macro.js:6:137)
    at Velocity.utils.mixin.getMacro (/root/my/github/nana/grunt-blog/build/node_modules/velocityjs/src/compile/blocks.js:63:23)
    at Velocity.<anonymous> (/root/my/github/nana/grunt-blog/build/node_modules/velocityjs/src/compile/compile.js:98:25)
    at Array.forEach (native)
    at Object.utils.(anonymous function) [as forEach] (/root/my/github/nana/grunt-blog/build/node_modules/velocityjs/src/utils.js:14:25)
    at Velocity.utils.mixin._render (/root/my/github/nana/grunt-blog/build/node_modules/velocityjs/src/compile/compile.js:82:13)
    at Velocity.utils.mixin.render (/root/my/github/nana/grunt-blog/build/node_modules/velocityjs/src/compile/compile.js:48:22)
    at Object.Velocity.render (/root/my/github/nana/grunt-blog/build/node_modules/velocityjs/src/velocity.js:33:18)
[90mGET / [31m500 [90m10ms[0m
Error: ENOENT, no such file or directory '/root/my/github/nana/asset/views/pagelet/IndexHeader.html'
    at Object.fs.openSync (fs.js:439:18)
    at Object.fs.readFileSync (fs.js:290:15)
    at Velocity.module.exports.parse (/root/my/github/nana/grunt-blog/build/lib/macro.js:6:137)
    at Velocity.utils.mixin.getMacro (/root/my/github/nana/grunt-blog/build/node_modules/velocityjs/src/compile/blocks.js:63:23)
    at Velocity.<anonymous> (/root/my/github/nana/grunt-blog/build/node_modules/velocityjs/src/compile/compile.js:98:25)
    at Array.forEach (native)
    at Object.utils.(anonymous function) [as forEach] (/root/my/github/nana/grunt-blog/build/node_modules/velocityjs/src/utils.js:14:25)
    at Velocity.utils.mixin._render (/root/my/github/nana/grunt-blog/build/node_modules/velocityjs/src/compile/compile.js:82:13)
    at Velocity.utils.mixin.render (/root/my/github/nana/grunt-blog/build/node_modules/velocityjs/src/compile/compile.js:48:22)
    at Object.Velocity.render (/root/my/github/nana/grunt-blog/build/node_modules/velocityjs/src/velocity.js:33:18)
[90mGET / [31m500 [90m7ms[0m
Error: ENOENT, no such file or directory '/root/my/github/nana/asset/views/pagelet/IndexHeader.html'
    at Object.fs.openSync (fs.js:439:18)
    at Object.fs.readFileSync (fs.js:290:15)
    at Velocity.module.exports.parse (/root/my/github/nana/grunt-blog/build/lib/macro.js:6:137)
    at Velocity.utils.mixin.getMacro (/root/my/github/nana/grunt-blog/build/node_modules/velocityjs/src/compile/blocks.js:63:23)
    at Velocity.<anonymous> (/root/my/github/nana/grunt-blog/build/node_modules/velocityjs/src/compile/compile.js:98:25)
    at Array.forEach (native)
    at Object.utils.(anonymous function) [as forEach] (/root/my/github/nana/grunt-blog/build/node_modules/velocityjs/src/utils.js:14:25)
    at Velocity.utils.mixin._render (/root/my/github/nana/grunt-blog/build/node_modules/velocityjs/src/compile/compile.js:82:13)
    at Velocity.utils.mixin.render (/root/my/github/nana/grunt-blog/build/node_modules/velocityjs/src/compile/compile.js:48:22)
    at Object.Velocity.render (/root/my/github/nana/grunt-blog/build/node_modules/velocityjs/src/velocity.js:33:18)
[90mGET / [31m500 [90m5ms[0m
Error: ENOENT, no such file or directory '/root/my/github/nana/asset/views/pagelet/IndexHeader.html'
    at Object.fs.openSync (fs.js:439:18)
    at Object.fs.readFileSync (fs.js:290:15)
    at Velocity.module.exports.parse (/root/my/github/nana/grunt-blog/build/lib/macro.js:6:137)
    at Velocity.utils.mixin.getMacro (/root/my/github/nana/grunt-blog/build/node_modules/velocityjs/src/compile/blocks.js:63:23)
    at Velocity.<anonymous> (/root/my/github/nana/grunt-blog/build/node_modules/velocityjs/src/compile/compile.js:98:25)
    at Array.forEach (native)
    at Object.utils.(anonymous function) [as forEach] (/root/my/github/nana/grunt-blog/build/node_modules/velocityjs/src/utils.js:14:25)
    at Velocity.utils.mixin._render (/root/my/github/nana/grunt-blog/build/node_modules/velocityjs/src/compile/compile.js:82:13)
    at Velocity.utils.mixin.render (/root/my/github/nana/grunt-blog/build/node_modules/velocityjs/src/compile/compile.js:48:22)
    at Object.Velocity.render (/root/my/github/nana/grunt-blog/build/node_modules/velocityjs/src/velocity.js:33:18)
[90mGET / [31m500 [90m8ms[0m
Error: ENOENT, no such file or directory '/root/my/github/nana/asset/views/pagelet/IndexHeader.html'
    at Object.fs.openSync (fs.js:439:18)
    at Object.fs.readFileSync (fs.js:290:15)
    at Velocity.module.exports.parse (/root/my/github/nana/grunt-blog/build/lib/macro.js:6:137)
    at Velocity.utils.mixin.getMacro (/root/my/github/nana/grunt-blog/build/node_modules/velocityjs/src/compile/blocks.js:63:23)
    at Velocity.<anonymous> (/root/my/github/nana/grunt-blog/build/node_modules/velocityjs/src/compile/compile.js:98:25)
    at Array.forEach (native)
    at Object.utils.(anonymous function) [as forEach] (/root/my/github/nana/grunt-blog/build/node_modules/velocityjs/src/utils.js:14:25)
    at Velocity.utils.mixin._render (/root/my/github/nana/grunt-blog/build/node_modules/velocityjs/src/compile/compile.js:82:13)
    at Velocity.utils.mixin.render (/root/my/github/nana/grunt-blog/build/node_modules/velocityjs/src/compile/compile.js:48:22)
    at Object.Velocity.render (/root/my/github/nana/grunt-blog/build/node_modules/velocityjs/src/velocity.js:33:18)
[90mGET / [31m500 [90m7ms[0m
Error: ENOENT, no such file or directory '/root/my/github/nana/asset/views/pagelet/IndexHeader.html'
    at Object.fs.openSync (fs.js:439:18)
    at Object.fs.readFileSync (fs.js:290:15)
    at Velocity.module.exports.parse (/root/my/github/nana/grunt-blog/build/lib/macro.js:6:137)
    at Velocity.utils.mixin.getMacro (/root/my/github/nana/grunt-blog/build/node_modules/velocityjs/src/compile/blocks.js:63:23)
    at Velocity.<anonymous> (/root/my/github/nana/grunt-blog/build/node_modules/velocityjs/src/compile/compile.js:98:25)
    at Array.forEach (native)
    at Object.utils.(anonymous function) [as forEach] (/root/my/github/nana/grunt-blog/build/node_modules/velocityjs/src/utils.js:14:25)
    at Velocity.utils.mixin._render (/root/my/github/nana/grunt-blog/build/node_modules/velocityjs/src/compile/compile.js:82:13)
    at Velocity.utils.mixin.render (/root/my/github/nana/grunt-blog/build/node_modules/velocityjs/src/compile/compile.js:48:22)
    at Object.Velocity.render (/root/my/github/nana/grunt-blog/build/node_modules/velocityjs/src/velocity.js:33:18)
[90mGET / [31m500 [90m7ms[0m
Error: ENOENT, no such file or directory '/root/my/github/nana/asset/views/pagelet/IndexHeader.html'
    at Object.fs.openSync (fs.js:439:18)
    at Object.fs.readFileSync (fs.js:290:15)
    at Velocity.module.exports.parse (/root/my/github/nana/grunt-blog/build/lib/macro.js:6:137)
    at Velocity.utils.mixin.getMacro (/root/my/github/nana/grunt-blog/build/node_modules/velocityjs/src/compile/blocks.js:63:23)
    at Velocity.<anonymous> (/root/my/github/nana/grunt-blog/build/node_modules/velocityjs/src/compile/compile.js:98:25)
    at Array.forEach (native)
    at Object.utils.(anonymous function) [as forEach] (/root/my/github/nana/grunt-blog/build/node_modules/velocityjs/src/utils.js:14:25)
    at Velocity.utils.mixin._render (/root/my/github/nana/grunt-blog/build/node_modules/velocityjs/src/compile/compile.js:82:13)
    at Velocity.utils.mixin.render (/root/my/github/nana/grunt-blog/build/node_modules/velocityjs/src/compile/compile.js:48:22)
    at Object.Velocity.render (/root/my/github/nana/grunt-blog/build/node_modules/velocityjs/src/velocity.js:33:18)
[90mGET / [31m500 [90m6ms[0m
Error: ENOENT, no such file or directory '/root/my/github/nana/asset/views/pagelet/IndexHeader.html'
    at Object.fs.openSync (fs.js:439:18)
    at Object.fs.readFileSync (fs.js:290:15)
    at Velocity.module.exports.parse (/root/my/github/nana/grunt-blog/build/lib/macro.js:6:137)
    at Velocity.utils.mixin.getMacro (/root/my/github/nana/grunt-blog/build/node_modules/velocityjs/src/compile/blocks.js:63:23)
    at Velocity.<anonymous> (/root/my/github/nana/grunt-blog/build/node_modules/velocityjs/src/compile/compile.js:98:25)
    at Array.forEach (native)
    at Object.utils.(anonymous function) [as forEach] (/root/my/github/nana/grunt-blog/build/node_modules/velocityjs/src/utils.js:14:25)
    at Velocity.utils.mixin._render (/root/my/github/nana/grunt-blog/build/node_modules/velocityjs/src/compile/compile.js:82:13)
    at Velocity.utils.mixin.render (/root/my/github/nana/grunt-blog/build/node_modules/velocityjs/src/compile/compile.js:48:22)
    at Object.Velocity.render (/root/my/github/nana/grunt-blog/build/node_modules/velocityjs/src/velocity.js:33:18)
[90mGET / [31m500 [90m6ms[0m
Error: ENOENT, no such file or directory '/root/my/github/nana/asset/views/pagelet/IndexHeader.html'
    at Object.fs.openSync (fs.js:439:18)
    at Object.fs.readFileSync (fs.js:290:15)
    at Velocity.module.exports.parse (/root/my/github/nana/grunt-blog/build/lib/macro.js:6:137)
    at Velocity.utils.mixin.getMacro (/root/my/github/nana/grunt-blog/build/node_modules/velocityjs/src/compile/blocks.js:63:23)
    at Velocity.<anonymous> (/root/my/github/nana/grunt-blog/build/node_modules/velocityjs/src/compile/compile.js:98:25)
    at Array.forEach (native)
    at Object.utils.(anonymous function) [as forEach] (/root/my/github/nana/grunt-blog/build/node_modules/velocityjs/src/utils.js:14:25)
    at Velocity.utils.mixin._render (/root/my/github/nana/grunt-blog/build/node_modules/velocityjs/src/compile/compile.js:82:13)
    at Velocity.utils.mixin.render (/root/my/github/nana/grunt-blog/build/node_modules/velocityjs/src/compile/compile.js:48:22)
    at Object.Velocity.render (/root/my/github/nana/grunt-blog/build/node_modules/velocityjs/src/velocity.js:33:18)
[90mGET / [31m500 [90m7ms[0m
Error: ENOENT, no such file or directory '/root/my/github/nana/asset/views/pagelet/IndexHeader.html'
    at Object.fs.openSync (fs.js:439:18)
    at Object.fs.readFileSync (fs.js:290:15)
    at Velocity.module.exports.parse (/root/my/github/nana/grunt-blog/build/lib/macro.js:6:137)
    at Velocity.utils.mixin.getMacro (/root/my/github/nana/grunt-blog/build/node_modules/velocityjs/src/compile/blocks.js:63:23)
    at Velocity.<anonymous> (/root/my/github/nana/grunt-blog/build/node_modules/velocityjs/src/compile/compile.js:98:25)
    at Array.forEach (native)
    at Object.utils.(anonymous function) [as forEach] (/root/my/github/nana/grunt-blog/build/node_modules/velocityjs/src/utils.js:14:25)
    at Velocity.utils.mixin._render (/root/my/github/nana/grunt-blog/build/node_modules/velocityjs/src/compile/compile.js:82:13)
    at Velocity.utils.mixin.render (/root/my/github/nana/grunt-blog/build/node_modules/velocityjs/src/compile/compile.js:48:22)
    at Object.Velocity.render (/root/my/github/nana/grunt-blog/build/node_modules/velocityjs/src/velocity.js:33:18)
[90mGET / [31m500 [90m6ms[0m
Error: ENOENT, no such file or directory '/root/my/github/nana/asset/views/pagelet/IndexHeader.html'
    at Object.fs.openSync (fs.js:439:18)
    at Object.fs.readFileSync (fs.js:290:15)
    at Velocity.module.exports.parse (/root/my/github/nana/grunt-blog/build/lib/macro.js:6:137)
    at Velocity.utils.mixin.getMacro (/root/my/github/nana/grunt-blog/build/node_modules/velocityjs/src/compile/blocks.js:63:23)
    at Velocity.<anonymous> (/root/my/github/nana/grunt-blog/build/node_modules/velocityjs/src/compile/compile.js:98:25)
    at Array.forEach (native)
    at Object.utils.(anonymous function) [as forEach] (/root/my/github/nana/grunt-blog/build/node_modules/velocityjs/src/utils.js:14:25)
    at Velocity.utils.mixin._render (/root/my/github/nana/grunt-blog/build/node_modules/velocityjs/src/compile/compile.js:82:13)
    at Velocity.utils.mixin.render (/root/my/github/nana/grunt-blog/build/node_modules/velocityjs/src/compile/compile.js:48:22)
    at Object.Velocity.render (/root/my/github/nana/grunt-blog/build/node_modules/velocityjs/src/velocity.js:33:18)
[90mGET / [31m500 [90m7ms[0m
Error: ENOENT, no such file or directory '/root/my/github/nana/asset/views/pagelet/IndexHeader.html'
    at Object.fs.openSync (fs.js:439:18)
    at Object.fs.readFileSync (fs.js:290:15)
    at Velocity.module.exports.parse (/root/my/github/nana/grunt-blog/build/lib/macro.js:6:137)
    at Velocity.utils.mixin.getMacro (/root/my/github/nana/grunt-blog/build/node_modules/velocityjs/src/compile/blocks.js:63:23)
    at Velocity.<anonymous> (/root/my/github/nana/grunt-blog/build/node_modules/velocityjs/src/compile/compile.js:98:25)
    at Array.forEach (native)
    at Object.utils.(anonymous function) [as forEach] (/root/my/github/nana/grunt-blog/build/node_modules/velocityjs/src/utils.js:14:25)
    at Velocity.utils.mixin._render (/root/my/github/nana/grunt-blog/build/node_modules/velocityjs/src/compile/compile.js:82:13)
    at Velocity.utils.mixin.render (/root/my/github/nana/grunt-blog/build/node_modules/velocityjs/src/compile/compile.js:48:22)
    at Object.Velocity.render (/root/my/github/nana/grunt-blog/build/node_modules/velocityjs/src/velocity.js:33:18)
[90mGET / [31m500 [90m37ms[0m
Error: ENOENT, no such file or directory '/root/my/github/nana/asset/views/pagelet/IndexHeader.html'
    at Object.fs.openSync (fs.js:439:18)
    at Object.fs.readFileSync (fs.js:290:15)
    at Velocity.module.exports.parse (/root/my/github/nana/grunt-blog/build/lib/macro.js:6:137)
    at Velocity.utils.mixin.getMacro (/root/my/github/nana/grunt-blog/build/node_modules/velocityjs/src/compile/blocks.js:63:23)
    at Velocity.<anonymous> (/root/my/github/nana/grunt-blog/build/node_modules/velocityjs/src/compile/compile.js:98:25)
    at Array.forEach (native)
    at Object.utils.(anonymous function) [as forEach] (/root/my/github/nana/grunt-blog/build/node_modules/velocityjs/src/utils.js:14:25)
    at Velocity.utils.mixin._render (/root/my/github/nana/grunt-blog/build/node_modules/velocityjs/src/compile/compile.js:82:13)
    at Velocity.utils.mixin.render (/root/my/github/nana/grunt-blog/build/node_modules/velocityjs/src/compile/compile.js:48:22)
    at Object.Velocity.render (/root/my/github/nana/grunt-blog/build/node_modules/velocityjs/src/velocity.js:33:18)
[90mGET / [31m500 [90m17ms[0m
[90mGET /1 [33m404 [90m7ms[0m
Error: ENOENT, no such file or directory '/root/my/github/nana/asset/views/pagelet/IndexHeader.html'
    at Object.fs.openSync (fs.js:439:18)
    at Object.fs.readFileSync (fs.js:290:15)
    at Velocity.module.exports.parse (/root/my/github/nana/grunt-blog/build/lib/macro.js:6:137)
    at Velocity.utils.mixin.getMacro (/root/my/github/nana/grunt-blog/build/node_modules/velocityjs/src/compile/blocks.js:63:23)
    at Velocity.<anonymous> (/root/my/github/nana/grunt-blog/build/node_modules/velocityjs/src/compile/compile.js:98:25)
    at Array.forEach (native)
    at Object.utils.(anonymous function) [as forEach] (/root/my/github/nana/grunt-blog/build/node_modules/velocityjs/src/utils.js:14:25)
    at Velocity.utils.mixin._render (/root/my/github/nana/grunt-blog/build/node_modules/velocityjs/src/compile/compile.js:82:13)
    at Velocity.utils.mixin.render (/root/my/github/nana/grunt-blog/build/node_modules/velocityjs/src/compile/compile.js:48:22)
    at Object.Velocity.render (/root/my/github/nana/grunt-blog/build/node_modules/velocityjs/src/velocity.js:33:18)
[90mGET /index.html [31m500 [90m17ms[0m
